{"/home/travis/build/npmtest/node-npmtest-dom4/test.js":{"path":"/home/travis/build/npmtest/node-npmtest-dom4/test.js","s":{"1":2,"2":2,"3":2,"4":2,"5":2,"6":2,"7":2,"8":1,"9":2,"10":2,"11":1,"12":1,"13":1,"14":1,"15":2,"16":2,"17":2,"18":2,"19":1,"20":1,"21":2,"22":2,"23":2,"24":1,"25":1,"26":1,"27":1,"28":1,"29":1,"30":1,"31":1,"32":1,"33":1,"34":1,"35":1,"36":1,"37":1,"38":1,"39":2,"40":2,"41":1,"42":2,"43":2,"44":1,"45":2,"46":2,"47":1,"48":2,"49":2,"50":1,"51":1,"52":1,"53":1,"54":1},"b":{"1":[2,1,1,1],"2":[1,1,1,1],"3":[1,1],"4":[1,1],"5":[1,1],"6":[1,1],"7":[1,1],"8":[1,1],"9":[1,1],"10":[1,1,1],"11":[1,1],"12":[1,1],"13":[1,1],"14":[1,1],"15":[1,1],"16":[1,1],"17":[1,1]},"f":{"1":2,"2":2,"3":2,"4":2,"5":2,"6":1,"7":1,"8":1,"9":2,"10":2,"11":2,"12":2,"13":1},"fnMap":{"1":{"name":"(anonymous_1)","line":12,"loc":{"start":{"line":12,"column":1},"end":{"line":12,"column":13}}},"2":{"name":"(anonymous_2)","line":19,"loc":{"start":{"line":19,"column":5},"end":{"line":19,"column":17}}},"3":{"name":"(anonymous_3)","line":23,"loc":{"start":{"line":23,"column":24},"end":{"line":23,"column":36}}},"4":{"name":"(anonymous_4)","line":61,"loc":{"start":{"line":61,"column":5},"end":{"line":61,"column":17}}},"5":{"name":"(anonymous_5)","line":82,"loc":{"start":{"line":82,"column":5},"end":{"line":82,"column":17}}},"6":{"name":"(anonymous_6)","line":91,"loc":{"start":{"line":91,"column":77},"end":{"line":94,"column":10}}},"7":{"name":"(anonymous_7)","line":112,"loc":{"start":{"line":112,"column":83},"end":{"line":115,"column":10}},"skip":true},"8":{"name":"(anonymous_8)","line":123,"loc":{"start":{"line":123,"column":77},"end":{"line":126,"column":10}},"skip":true},"9":{"name":"(anonymous_9)","line":139,"loc":{"start":{"line":139,"column":12},"end":{"line":139,"column":40}},"skip":true},"10":{"name":"(anonymous_10)","line":147,"loc":{"start":{"line":147,"column":77},"end":{"line":150,"column":10}},"skip":true},"11":{"name":"(anonymous_11)","line":158,"loc":{"start":{"line":158,"column":83},"end":{"line":161,"column":10}},"skip":true},"12":{"name":"(anonymous_12)","line":169,"loc":{"start":{"line":169,"column":79},"end":{"line":172,"column":10}},"skip":true},"13":{"name":"(anonymous_13)","line":180,"loc":{"start":{"line":180,"column":75},"end":{"line":183,"column":10}},"skip":true}},"statementMap":{"1":{"start":{"line":12,"column":0},"end":{"line":195,"column":5}},"2":{"start":{"line":14,"column":4},"end":{"line":14,"column":14}},"3":{"start":{"line":19,"column":4},"end":{"line":56,"column":9}},"4":{"start":{"line":21,"column":8},"end":{"line":21,"column":19}},"5":{"start":{"line":23,"column":8},"end":{"line":35,"column":13}},"6":{"start":{"line":24,"column":12},"end":{"line":34,"column":13}},"7":{"start":{"line":25,"column":16},"end":{"line":28,"column":30}},"8":{"start":{"line":30,"column":16},"end":{"line":33,"column":27}},"9":{"start":{"line":37,"column":8},"end":{"line":39,"column":21}},"10":{"start":{"line":40,"column":8},"end":{"line":53,"column":9}},"11":{"start":{"line":43,"column":12},"end":{"line":46,"column":14}},"12":{"start":{"line":47,"column":12},"end":{"line":47,"column":18}},"13":{"start":{"line":50,"column":12},"end":{"line":51,"column":33}},"14":{"start":{"line":52,"column":12},"end":{"line":52,"column":18}},"15":{"start":{"line":55,"column":8},"end":{"line":55,"column":35}},"16":{"start":{"line":61,"column":4},"end":{"line":63,"column":9}},"17":{"start":{"line":62,"column":8},"end":{"line":62,"column":15}},"18":{"start":{"line":64,"column":4},"end":{"line":77,"column":5}},"19":{"start":{"line":70,"column":8},"end":{"line":70,"column":14}},"20":{"start":{"line":76,"column":8},"end":{"line":76,"column":14}},"21":{"start":{"line":82,"column":4},"end":{"line":84,"column":9}},"22":{"start":{"line":83,"column":8},"end":{"line":83,"column":15}},"23":{"start":{"line":85,"column":4},"end":{"line":194,"column":5}},"24":{"start":{"line":91,"column":8},"end":{"line":99,"column":10}},"25":{"start":{"line":98,"column":12},"end":{"line":98,"column":35}},"26":{"start":{"line":102,"column":8},"end":{"line":104,"column":63}},"27":{"start":{"line":105,"column":8},"end":{"line":105,"column":14}},"28":{"start":{"line":112,"column":8},"end":{"line":121,"column":10},"skip":true},"29":{"start":{"line":119,"column":12},"end":{"line":119,"column":55},"skip":true},"30":{"start":{"line":120,"column":12},"end":{"line":120,"column":48},"skip":true},"31":{"start":{"line":123,"column":8},"end":{"line":136,"column":10},"skip":true},"32":{"start":{"line":130,"column":12},"end":{"line":130,"column":76},"skip":true},"33":{"start":{"line":131,"column":12},"end":{"line":131,"column":73},"skip":true},"34":{"start":{"line":132,"column":12},"end":{"line":132,"column":74},"skip":true},"35":{"start":{"line":133,"column":12},"end":{"line":133,"column":79},"skip":true},"36":{"start":{"line":134,"column":12},"end":{"line":134,"column":25},"skip":true},"37":{"start":{"line":135,"column":12},"end":{"line":135,"column":45},"skip":true},"38":{"start":{"line":138,"column":8},"end":{"line":145,"column":14},"skip":true},"39":{"start":{"line":143,"column":16},"end":{"line":143,"column":29},"skip":true},"40":{"start":{"line":144,"column":16},"end":{"line":144,"column":55},"skip":true},"41":{"start":{"line":147,"column":8},"end":{"line":156,"column":10},"skip":true},"42":{"start":{"line":154,"column":12},"end":{"line":154,"column":25},"skip":true},"43":{"start":{"line":155,"column":12},"end":{"line":155,"column":45},"skip":true},"44":{"start":{"line":158,"column":8},"end":{"line":167,"column":10},"skip":true},"45":{"start":{"line":165,"column":12},"end":{"line":165,"column":25},"skip":true},"46":{"start":{"line":166,"column":12},"end":{"line":166,"column":48},"skip":true},"47":{"start":{"line":169,"column":8},"end":{"line":178,"column":10},"skip":true},"48":{"start":{"line":176,"column":12},"end":{"line":176,"column":25},"skip":true},"49":{"start":{"line":177,"column":12},"end":{"line":177,"column":46},"skip":true},"50":{"start":{"line":180,"column":8},"end":{"line":189,"column":10},"skip":true},"51":{"start":{"line":187,"column":12},"end":{"line":187,"column":94},"skip":true},"52":{"start":{"line":188,"column":12},"end":{"line":188,"column":48},"skip":true},"53":{"start":{"line":192,"column":8},"end":{"line":192,"column":35},"skip":true},"54":{"start":{"line":193,"column":8},"end":{"line":193,"column":14},"skip":true}},"branchMap":{"1":{"line":25,"type":"binary-expr","locations":[{"start":{"line":25,"column":23},"end":{"line":25,"column":62}},{"start":{"line":26,"column":20},"end":{"line":26,"column":70}},{"start":{"line":27,"column":20},"end":{"line":27,"column":71}},{"start":{"line":28,"column":20},"end":{"line":28,"column":29}}]},"2":{"line":30,"type":"binary-expr","locations":[{"start":{"line":30,"column":23},"end":{"line":30,"column":37}},{"start":{"line":31,"column":20},"end":{"line":31,"column":61}},{"start":{"line":32,"column":20},"end":{"line":32,"column":70}},{"start":{"line":33,"column":20},"end":{"line":33,"column":26}}]},"3":{"line":37,"type":"cond-expr","locations":[{"start":{"line":38,"column":14},"end":{"line":38,"column":20}},{"start":{"line":39,"column":14},"end":{"line":39,"column":20}}]},"4":{"line":40,"type":"switch","locations":[{"start":{"line":42,"column":8},"end":{"line":47,"column":18}},{"start":{"line":49,"column":8},"end":{"line":52,"column":18}}]},"5":{"line":44,"type":"binary-expr","locations":[{"start":{"line":44,"column":16},"end":{"line":44,"column":44}},{"start":{"line":44,"column":48},"end":{"line":44,"column":66}}]},"6":{"line":50,"type":"binary-expr","locations":[{"start":{"line":50,"column":21},"end":{"line":50,"column":49}},{"start":{"line":50,"column":53},"end":{"line":50,"column":72}}]},"7":{"line":64,"type":"switch","locations":[{"start":{"line":69,"column":4},"end":{"line":70,"column":14}},{"start":{"line":75,"column":4},"end":{"line":76,"column":14}}]},"8":{"line":85,"type":"switch","locations":[{"start":{"line":90,"column":4},"end":{"line":105,"column":14}},{"start":{"line":111,"column":4},"end":{"line":193,"column":14},"skip":true}]},"9":{"line":91,"type":"binary-expr","locations":[{"start":{"line":91,"column":42},"end":{"line":91,"column":73}},{"start":{"line":91,"column":77},"end":{"line":99,"column":9}}]},"10":{"line":102,"type":"binary-expr","locations":[{"start":{"line":102,"column":18},"end":{"line":102,"column":32}},{"start":{"line":103,"column":12},"end":{"line":103,"column":53}},{"start":{"line":104,"column":12},"end":{"line":104,"column":61}}]},"11":{"line":112,"type":"binary-expr","locations":[{"start":{"line":112,"column":45},"end":{"line":112,"column":79},"skip":true},{"start":{"line":112,"column":83},"end":{"line":121,"column":9},"skip":true}]},"12":{"line":123,"type":"binary-expr","locations":[{"start":{"line":123,"column":42},"end":{"line":123,"column":73},"skip":true},{"start":{"line":123,"column":77},"end":{"line":136,"column":9},"skip":true}]},"13":{"line":138,"type":"binary-expr","locations":[{"start":{"line":138,"column":48},"end":{"line":138,"column":85},"skip":true},{"start":{"line":139,"column":12},"end":{"line":145,"column":13},"skip":true}]},"14":{"line":147,"type":"binary-expr","locations":[{"start":{"line":147,"column":42},"end":{"line":147,"column":73},"skip":true},{"start":{"line":147,"column":77},"end":{"line":156,"column":9},"skip":true}]},"15":{"line":158,"type":"binary-expr","locations":[{"start":{"line":158,"column":45},"end":{"line":158,"column":79},"skip":true},{"start":{"line":158,"column":83},"end":{"line":167,"column":9},"skip":true}]},"16":{"line":169,"type":"binary-expr","locations":[{"start":{"line":169,"column":43},"end":{"line":169,"column":75},"skip":true},{"start":{"line":169,"column":79},"end":{"line":178,"column":9},"skip":true}]},"17":{"line":180,"type":"binary-expr","locations":[{"start":{"line":180,"column":41},"end":{"line":180,"column":71},"skip":true},{"start":{"line":180,"column":75},"end":{"line":189,"column":9},"skip":true}]}},"code":["/* istanbul instrument in package npmtest_dom4 */","/*jslint","    bitwise: true,","    browser: true,","    maxerr: 8,","    maxlen: 96,","    node: true,","    nomen: true,","    regexp: true,","    stupid: true","*/","(function () {","    'use strict';","    var local;","","","","    // run shared js-env code - pre-init","    (function () {","        // init local","        local = {};","        // init modeJs","        local.modeJs = (function () {","            try {","                return typeof navigator.userAgent === 'string' &&","                    typeof document.querySelector('body') === 'object' &&","                    typeof XMLHttpRequest.prototype.open === 'function' &&","                    'browser';","            } catch (errorCaughtBrowser) {","                return module.exports &&","                    typeof process.versions.node === 'string' &&","                    typeof require('http').createServer === 'function' &&","                    'node';","            }","        }());","        // init global","        local.global = local.modeJs === 'browser'","            ? window","            : global;","        switch (local.modeJs) {","        // re-init local from window.local","        case 'browser':","            local = local.global.utility2.objectSetDefault(","                local.global.utility2_rollup || local.global.local,","                local.global.utility2","            );","            break;","        // re-init local from example.js","        case 'node':","            local = (local.global.utility2_rollup || require('utility2'))","                .requireReadme();","            break;","        }","        // export local","        local.global.local = local;","    }());","","","","    // run shared js-env code - function","    (function () {","        return;","    }());","    switch (local.modeJs) {","","","","    // run browser js-env code - function","    case 'browser':","        break;","","","","    // run node js-env code - function","    case 'node':","        break;","    }","","","","    // run shared js-env code - post-init","    (function () {","        return;","    }());","    switch (local.modeJs) {","","","","    // run browser js-env code - post-init","    case 'browser':","        local.testCase_browser_nullCase = local.testCase_browser_nullCase || function (","            options,","            onError","        ) {","        /*","         * this function will test browsers's null-case handling-behavior-behavior","         */","            onError(null, options);","        };","","        // run tests","        local.nop(local.modeTest &&","            document.querySelector('#testRunButton1') &&","            document.querySelector('#testRunButton1').click());","        break;","","","","    // run node js-env code - post-init","    /* istanbul ignore next */","    case 'node':","        local.testCase_buildApidoc_default = local.testCase_buildApidoc_default || function (","            options,","            onError","        ) {","        /*","         * this function will test buildApidoc's default handling-behavior-behavior","         */","            options = { modulePathList: module.paths };","            local.buildApidoc(options, onError);","        };","","        local.testCase_buildApp_default = local.testCase_buildApp_default || function (","            options,","            onError","        ) {","        /*","         * this function will test buildApp's default handling-behavior-behavior","         */","            local.testCase_buildReadme_default(options, local.onErrorThrow);","            local.testCase_buildLib_default(options, local.onErrorThrow);","            local.testCase_buildTest_default(options, local.onErrorThrow);","            local.testCase_buildCustomOrg_default(options, local.onErrorThrow);","            options = [];","            local.buildApp(options, onError);","        };","","        local.testCase_buildCustomOrg_default = local.testCase_buildCustomOrg_default ||","            function (options, onError) {","            /*","             * this function will test buildCustomOrg's default handling-behavior","             */","                options = {};","                local.buildCustomOrg(options, onError);","            };","","        local.testCase_buildLib_default = local.testCase_buildLib_default || function (","            options,","            onError","        ) {","        /*","         * this function will test buildLib's default handling-behavior","         */","            options = {};","            local.buildLib(options, onError);","        };","","        local.testCase_buildReadme_default = local.testCase_buildReadme_default || function (","            options,","            onError","        ) {","        /*","         * this function will test buildReadme's default handling-behavior-behavior","         */","            options = {};","            local.buildReadme(options, onError);","        };","","        local.testCase_buildTest_default = local.testCase_buildTest_default || function (","            options,","            onError","        ) {","        /*","         * this function will test buildTest's default handling-behavior","         */","            options = {};","            local.buildTest(options, onError);","        };","","        local.testCase_webpage_default = local.testCase_webpage_default || function (","            options,","            onError","        ) {","        /*","         * this function will test webpage's default handling-behavior","         */","            options = { modeCoverageMerge: true, url: local.serverLocalHost + '?modeTest=1' };","            local.browserTest(options, onError);","        };","","        // run test-server","        local.testRunServer(local);","        break;","    }","}());",""],"l":{"12":2,"14":2,"19":2,"21":2,"23":2,"24":2,"25":2,"30":1,"37":2,"40":2,"43":1,"47":1,"50":1,"52":1,"55":2,"61":2,"62":2,"64":2,"70":1,"76":1,"82":2,"83":2,"85":2,"91":1,"98":1,"102":1,"105":1,"112":1,"119":1,"120":1,"123":1,"130":1,"131":1,"132":1,"133":1,"134":1,"135":1,"138":1,"143":2,"144":2,"147":1,"154":2,"155":2,"158":1,"165":2,"166":2,"169":1,"176":2,"177":2,"180":1,"187":1,"188":1,"192":1,"193":1}},"/home/travis/build/npmtest/node-npmtest-dom4/lib.npmtest_dom4.js":{"path":"/home/travis/build/npmtest/node-npmtest-dom4/lib.npmtest_dom4.js","s":{"1":2,"2":2,"3":2,"4":2,"5":2,"6":2,"7":2,"8":1,"9":2,"10":2,"11":2,"12":2,"13":1,"14":1,"15":1,"16":1},"b":{"1":[2,1,1,1],"2":[1,1,1,1],"3":[1,1],"4":[2,2],"5":[1,1]},"f":{"1":2,"2":2,"3":2},"fnMap":{"1":{"name":"(anonymous_1)","line":12,"loc":{"start":{"line":12,"column":1},"end":{"line":12,"column":13}}},"2":{"name":"(anonymous_2)","line":19,"loc":{"start":{"line":19,"column":5},"end":{"line":19,"column":17}}},"3":{"name":"(anonymous_3)","line":23,"loc":{"start":{"line":23,"column":24},"end":{"line":23,"column":36}}}},"statementMap":{"1":{"start":{"line":12,"column":0},"end":{"line":53,"column":5}},"2":{"start":{"line":14,"column":4},"end":{"line":14,"column":14}},"3":{"start":{"line":19,"column":4},"end":{"line":52,"column":9}},"4":{"start":{"line":21,"column":8},"end":{"line":21,"column":19}},"5":{"start":{"line":23,"column":8},"end":{"line":35,"column":13}},"6":{"start":{"line":24,"column":12},"end":{"line":34,"column":13}},"7":{"start":{"line":25,"column":16},"end":{"line":28,"column":30}},"8":{"start":{"line":30,"column":16},"end":{"line":33,"column":27}},"9":{"start":{"line":37,"column":8},"end":{"line":39,"column":21}},"10":{"start":{"line":41,"column":8},"end":{"line":41,"column":54}},"11":{"start":{"line":43,"column":8},"end":{"line":43,"column":49}},"12":{"start":{"line":45,"column":8},"end":{"line":51,"column":9}},"13":{"start":{"line":46,"column":12},"end":{"line":46,"column":55}},"14":{"start":{"line":48,"column":12},"end":{"line":48,"column":35}},"15":{"start":{"line":49,"column":12},"end":{"line":49,"column":49}},"16":{"start":{"line":50,"column":12},"end":{"line":50,"column":43}}},"branchMap":{"1":{"line":25,"type":"binary-expr","locations":[{"start":{"line":25,"column":23},"end":{"line":25,"column":62}},{"start":{"line":26,"column":20},"end":{"line":26,"column":70}},{"start":{"line":27,"column":20},"end":{"line":27,"column":71}},{"start":{"line":28,"column":20},"end":{"line":28,"column":29}}]},"2":{"line":30,"type":"binary-expr","locations":[{"start":{"line":30,"column":23},"end":{"line":30,"column":37}},{"start":{"line":31,"column":20},"end":{"line":31,"column":61}},{"start":{"line":32,"column":20},"end":{"line":32,"column":70}},{"start":{"line":33,"column":20},"end":{"line":33,"column":26}}]},"3":{"line":37,"type":"cond-expr","locations":[{"start":{"line":38,"column":14},"end":{"line":38,"column":20}},{"start":{"line":39,"column":14},"end":{"line":39,"column":20}}]},"4":{"line":41,"type":"binary-expr","locations":[{"start":{"line":41,"column":16},"end":{"line":41,"column":44}},{"start":{"line":41,"column":48},"end":{"line":41,"column":53}}]},"5":{"line":45,"type":"if","locations":[{"start":{"line":45,"column":8},"end":{"line":45,"column":8}},{"start":{"line":45,"column":8},"end":{"line":45,"column":8}}]}},"code":["/* istanbul instrument in package npmtest_dom4 */","/*jslint","    bitwise: true,","    browser: true,","    maxerr: 8,","    maxlen: 96,","    node: true,","    nomen: true,","    regexp: true,","    stupid: true","*/","(function () {","    'use strict';","    var local;","","","","    // run shared js-env code - pre-init","    (function () {","        // init local","        local = {};","        // init modeJs","        local.modeJs = (function () {","            try {","                return typeof navigator.userAgent === 'string' &&","                    typeof document.querySelector('body') === 'object' &&","                    typeof XMLHttpRequest.prototype.open === 'function' &&","                    'browser';","            } catch (errorCaughtBrowser) {","                return module.exports &&","                    typeof process.versions.node === 'string' &&","                    typeof require('http').createServer === 'function' &&","                    'node';","            }","        }());","        // init global","        local.global = local.modeJs === 'browser'","            ? window","            : global;","        // init utility2_rollup","        local = local.global.utility2_rollup || local;","        // init lib","        local.local = local.npmtest_dom4 = local;","        // init exports","        if (local.modeJs === 'browser') {","            local.global.utility2_npmtest_dom4 = local;","        } else {","            module.exports = local;","            module.exports.__dirname = __dirname;","            module.exports.module = module;","        }","    }());","}());",""],"l":{"12":2,"14":2,"19":2,"21":2,"23":2,"24":2,"25":2,"30":1,"37":2,"41":2,"43":2,"45":2,"46":1,"48":1,"49":1,"50":1}},"/home/travis/build/npmtest/node-npmtest-dom4/example.js":{"path":"/home/travis/build/npmtest/node-npmtest-dom4/example.js","s":{"1":2,"2":2,"3":2,"4":2,"5":2,"6":2,"7":2,"8":1,"9":2,"10":2,"11":2,"12":2,"13":1,"14":2,"15":2,"16":2,"17":2,"18":2,"19":0,"20":2,"21":1,"22":1,"23":1,"24":1,"25":1,"26":0,"27":0,"28":1,"29":1,"30":2,"31":0,"32":0,"33":0,"34":1,"35":2,"36":2,"37":3,"38":3,"39":3,"40":3,"41":0,"42":3,"43":3,"44":3,"45":1,"46":3,"47":1,"48":1,"49":1,"50":1,"51":1,"52":1,"53":1,"54":1,"55":1,"56":1,"57":0,"58":1,"59":6,"60":6,"61":1,"62":2,"63":0,"64":2,"65":1,"66":1,"67":0,"68":0,"69":0,"70":0,"71":0,"72":0,"73":0,"74":0,"75":0,"76":0,"77":0,"78":0,"79":0,"80":0,"81":0,"82":0,"83":0},"b":{"1":[2,1,1,1],"2":[1,1,1,1],"3":[1,1],"4":[2,2],"5":[1,1],"6":[1,1],"7":[2,0],"8":[2,1,1,1,1,1],"9":[0,2,0],"10":[1,1],"11":[2,1,1],"12":[1,0],"13":[0,2],"14":[2,0,0,0,0,0,0],"15":[0,3],"16":[3,0],"17":[1,1],"18":[0,1],"19":[1,2,0,2],"20":[1,0],"21":[1,1],"22":[0,0],"23":[0,0],"24":[0,0],"25":[0,0],"26":[0,0],"27":[0,0],"28":[0,0]},"f":{"1":2,"2":2,"3":2,"4":2,"5":2,"6":2,"7":3,"8":3,"9":3,"10":1,"11":6,"12":0},"fnMap":{"1":{"name":"(anonymous_1)","line":26,"loc":{"start":{"line":26,"column":1},"end":{"line":26,"column":13}}},"2":{"name":"(anonymous_2)","line":33,"loc":{"start":{"line":33,"column":5},"end":{"line":33,"column":17}}},"3":{"name":"(anonymous_3)","line":37,"loc":{"start":{"line":37,"column":24},"end":{"line":37,"column":36}}},"4":{"name":"(anonymous_4)","line":69,"loc":{"start":{"line":69,"column":31},"end":{"line":69,"column":48}},"skip":true},"5":{"name":"(anonymous_5)","line":78,"loc":{"start":{"line":78,"column":26},"end":{"line":78,"column":45}},"skip":true},"6":{"name":"(anonymous_6)","line":123,"loc":{"start":{"line":123,"column":33},"end":{"line":123,"column":48}},"skip":true},"7":{"name":"(anonymous_7)","line":125,"loc":{"start":{"line":125,"column":27},"end":{"line":125,"column":39}},"skip":true},"8":{"name":"(anonymous_8)","line":133,"loc":{"start":{"line":133,"column":59},"end":{"line":133,"column":74}},"skip":true},"9":{"name":"(anonymous_9)","line":143,"loc":{"start":{"line":143,"column":45},"end":{"line":143,"column":62}},"skip":true},"10":{"name":"(anonymous_10)","line":144,"loc":{"start":{"line":144,"column":73},"end":{"line":144,"column":92}},"skip":true},"11":{"name":"(anonymous_11)","line":272,"loc":{"start":{"line":272,"column":51},"end":{"line":272,"column":77}},"skip":true},"12":{"name":"(anonymous_12)","line":315,"loc":{"start":{"line":315,"column":32},"end":{"line":315,"column":61}},"skip":true}},"statementMap":{"1":{"start":{"line":26,"column":0},"end":{"line":326,"column":5}},"2":{"start":{"line":28,"column":4},"end":{"line":28,"column":14}},"3":{"start":{"line":33,"column":4},"end":{"line":60,"column":9}},"4":{"start":{"line":35,"column":8},"end":{"line":35,"column":19}},"5":{"start":{"line":37,"column":8},"end":{"line":49,"column":13}},"6":{"start":{"line":38,"column":12},"end":{"line":48,"column":13}},"7":{"start":{"line":39,"column":16},"end":{"line":42,"column":30}},"8":{"start":{"line":44,"column":16},"end":{"line":47,"column":27}},"9":{"start":{"line":51,"column":8},"end":{"line":53,"column":21}},"10":{"start":{"line":55,"column":8},"end":{"line":57,"column":45}},"11":{"start":{"line":59,"column":8},"end":{"line":59,"column":35}},"12":{"start":{"line":61,"column":4},"end":{"line":325,"column":5}},"13":{"start":{"line":69,"column":8},"end":{"line":121,"column":10},"skip":true},"14":{"start":{"line":70,"column":12},"end":{"line":88,"column":13},"skip":true},"15":{"start":{"line":76,"column":16},"end":{"line":87,"column":19},"skip":true},"16":{"start":{"line":79,"column":20},"end":{"line":86,"column":21},"skip":true},"17":{"start":{"line":82,"column":24},"end":{"line":82,"column":43},"skip":true},"18":{"start":{"line":83,"column":24},"end":{"line":83,"column":30},"skip":true},"19":{"start":{"line":85,"column":24},"end":{"line":85,"column":49},"skip":true},"20":{"start":{"line":89,"column":12},"end":{"line":107,"column":13},"skip":true},"21":{"start":{"line":92,"column":16},"end":{"line":102,"column":17},"skip":true},"22":{"start":{"line":93,"column":20},"end":{"line":93,"column":86},"skip":true},"23":{"start":{"line":94,"column":20},"end":{"line":95,"column":45},"skip":true},"24":{"start":{"line":96,"column":20},"end":{"line":96,"column":42},"skip":true},"25":{"start":{"line":97,"column":20},"end":{"line":97,"column":48},"skip":true},"26":{"start":{"line":100,"column":20},"end":{"line":100,"column":85},"skip":true},"27":{"start":{"line":101,"column":20},"end":{"line":101,"column":96},"skip":true},"28":{"start":{"line":103,"column":16},"end":{"line":103,"column":22},"skip":true},"29":{"start":{"line":106,"column":16},"end":{"line":106,"column":22},"skip":true},"30":{"start":{"line":108,"column":12},"end":{"line":120,"column":13},"skip":true},"31":{"start":{"line":114,"column":16},"end":{"line":119,"column":17},"skip":true},"32":{"start":{"line":116,"column":20},"end":{"line":116,"column":78},"skip":true},"33":{"start":{"line":118,"column":20},"end":{"line":118,"column":47},"skip":true},"34":{"start":{"line":123,"column":8},"end":{"line":141,"column":11},"skip":true},"35":{"start":{"line":124,"column":12},"end":{"line":124,"column":54},"skip":true},"36":{"start":{"line":125,"column":12},"end":{"line":140,"column":14},"skip":true},"37":{"start":{"line":126,"column":16},"end":{"line":126,"column":28},"skip":true},"38":{"start":{"line":127,"column":16},"end":{"line":127,"column":69},"skip":true},"39":{"start":{"line":128,"column":16},"end":{"line":128,"column":75},"skip":true},"40":{"start":{"line":129,"column":16},"end":{"line":131,"column":17},"skip":true},"41":{"start":{"line":130,"column":20},"end":{"line":130,"column":27},"skip":true},"42":{"start":{"line":133,"column":16},"end":{"line":137,"column":36},"skip":true},"43":{"start":{"line":134,"column":20},"end":{"line":136,"column":55},"skip":true},"44":{"start":{"line":139,"column":16},"end":{"line":139,"column":57},"skip":true},"45":{"start":{"line":143,"column":8},"end":{"line":147,"column":11},"skip":true},"46":{"start":{"line":144,"column":12},"end":{"line":146,"column":15},"skip":true},"47":{"start":{"line":145,"column":16},"end":{"line":145,"column":70},"skip":true},"48":{"start":{"line":149,"column":8},"end":{"line":149,"column":31},"skip":true},"49":{"start":{"line":150,"column":8},"end":{"line":150,"column":14},"skip":true},"50":{"start":{"line":158,"column":8},"end":{"line":158,"column":31},"skip":true},"51":{"start":{"line":160,"column":8},"end":{"line":160,"column":33},"skip":true},"52":{"start":{"line":161,"column":8},"end":{"line":161,"column":37},"skip":true},"53":{"start":{"line":162,"column":8},"end":{"line":162,"column":35},"skip":true},"54":{"start":{"line":164,"column":8},"end":{"line":164,"column":50},"skip":true},"55":{"start":{"line":166,"column":8},"end":{"line":256,"column":2},"skip":true},"56":{"start":{"line":258,"column":8},"end":{"line":286,"column":9},"skip":true},"57":{"start":{"line":259,"column":12},"end":{"line":269,"column":14},"skip":true},"58":{"start":{"line":271,"column":12},"end":{"line":285,"column":19},"skip":true},"59":{"start":{"line":274,"column":20},"end":{"line":274,"column":35},"skip":true},"60":{"start":{"line":275,"column":20},"end":{"line":284,"column":21},"skip":true},"61":{"start":{"line":277,"column":24},"end":{"line":277,"column":64},"skip":true},"62":{"start":{"line":279,"column":24},"end":{"line":279,"column":40},"skip":true},"63":{"start":{"line":281,"column":24},"end":{"line":281,"column":40},"skip":true},"64":{"start":{"line":283,"column":24},"end":{"line":283,"column":39},"skip":true},"65":{"start":{"line":288,"column":8},"end":{"line":290,"column":9},"skip":true},"66":{"start":{"line":289,"column":12},"end":{"line":289,"column":18},"skip":true},"67":{"start":{"line":291,"column":8},"end":{"line":293,"column":54},"skip":true},"68":{"start":{"line":296,"column":8},"end":{"line":301,"column":37},"skip":true},"69":{"start":{"line":303,"column":8},"end":{"line":303,"column":82},"skip":true},"70":{"start":{"line":306,"column":8},"end":{"line":308,"column":9},"skip":true},"71":{"start":{"line":307,"column":12},"end":{"line":307,"column":82},"skip":true},"72":{"start":{"line":310,"column":8},"end":{"line":312,"column":9},"skip":true},"73":{"start":{"line":311,"column":12},"end":{"line":311,"column":18},"skip":true},"74":{"start":{"line":313,"column":8},"end":{"line":313,"column":54},"skip":true},"75":{"start":{"line":314,"column":8},"end":{"line":314,"column":69},"skip":true},"76":{"start":{"line":315,"column":8},"end":{"line":323,"column":36},"skip":true},"77":{"start":{"line":316,"column":12},"end":{"line":316,"column":61},"skip":true},"78":{"start":{"line":317,"column":12},"end":{"line":320,"column":13},"skip":true},"79":{"start":{"line":318,"column":16},"end":{"line":318,"column":75},"skip":true},"80":{"start":{"line":319,"column":16},"end":{"line":319,"column":23},"skip":true},"81":{"start":{"line":321,"column":12},"end":{"line":321,"column":38},"skip":true},"82":{"start":{"line":322,"column":12},"end":{"line":322,"column":27},"skip":true},"83":{"start":{"line":324,"column":8},"end":{"line":324,"column":14},"skip":true}},"branchMap":{"1":{"line":39,"type":"binary-expr","locations":[{"start":{"line":39,"column":23},"end":{"line":39,"column":62}},{"start":{"line":40,"column":20},"end":{"line":40,"column":70}},{"start":{"line":41,"column":20},"end":{"line":41,"column":71}},{"start":{"line":42,"column":20},"end":{"line":42,"column":29}}]},"2":{"line":44,"type":"binary-expr","locations":[{"start":{"line":44,"column":23},"end":{"line":44,"column":37}},{"start":{"line":45,"column":20},"end":{"line":45,"column":61}},{"start":{"line":46,"column":20},"end":{"line":46,"column":70}},{"start":{"line":47,"column":20},"end":{"line":47,"column":26}}]},"3":{"line":51,"type":"cond-expr","locations":[{"start":{"line":52,"column":14},"end":{"line":52,"column":20}},{"start":{"line":53,"column":14},"end":{"line":53,"column":20}}]},"4":{"line":55,"type":"binary-expr","locations":[{"start":{"line":55,"column":16},"end":{"line":55,"column":44}},{"start":{"line":55,"column":49},"end":{"line":57,"column":43}}]},"5":{"line":55,"type":"cond-expr","locations":[{"start":{"line":56,"column":14},"end":{"line":56,"column":48}},{"start":{"line":57,"column":14},"end":{"line":57,"column":43}}]},"6":{"line":61,"type":"switch","locations":[{"start":{"line":68,"column":4},"end":{"line":150,"column":14},"skip":true},{"start":{"line":156,"column":4},"end":{"line":324,"column":14},"skip":true}]},"7":{"line":70,"type":"if","locations":[{"start":{"line":70,"column":12},"end":{"line":70,"column":12},"skip":true},{"start":{"line":70,"column":12},"end":{"line":70,"column":12},"skip":true}]},"8":{"line":70,"type":"binary-expr","locations":[{"start":{"line":70,"column":16},"end":{"line":70,"column":22},"skip":true},{"start":{"line":70,"column":27},"end":{"line":70,"column":32},"skip":true},{"start":{"line":71,"column":20},"end":{"line":71,"column":39},"skip":true},{"start":{"line":72,"column":20},"end":{"line":72,"column":49},"skip":true},{"start":{"line":73,"column":20},"end":{"line":73,"column":58},"skip":true},{"start":{"line":74,"column":20},"end":{"line":74,"column":69},"skip":true}]},"9":{"line":79,"type":"switch","locations":[{"start":{"line":80,"column":20},"end":{"line":80,"column":33},"skip":true},{"start":{"line":81,"column":20},"end":{"line":83,"column":30},"skip":true},{"start":{"line":84,"column":20},"end":{"line":85,"column":49},"skip":true}]},"10":{"line":89,"type":"switch","locations":[{"start":{"line":90,"column":12},"end":{"line":103,"column":22},"skip":true},{"start":{"line":105,"column":12},"end":{"line":106,"column":22},"skip":true}]},"11":{"line":89,"type":"binary-expr","locations":[{"start":{"line":89,"column":20},"end":{"line":89,"column":25},"skip":true},{"start":{"line":89,"column":29},"end":{"line":89,"column":48},"skip":true},{"start":{"line":89,"column":52},"end":{"line":89,"column":74},"skip":true}]},"12":{"line":92,"type":"if","locations":[{"start":{"line":92,"column":16},"end":{"line":92,"column":16},"skip":true},{"start":{"line":92,"column":16},"end":{"line":92,"column":16},"skip":true}]},"13":{"line":108,"type":"if","locations":[{"start":{"line":108,"column":12},"end":{"line":108,"column":12},"skip":true},{"start":{"line":108,"column":12},"end":{"line":108,"column":12},"skip":true}]},"14":{"line":108,"type":"binary-expr","locations":[{"start":{"line":108,"column":16},"end":{"line":108,"column":61},"skip":true},{"start":{"line":108,"column":66},"end":{"line":108,"column":72},"skip":true},{"start":{"line":108,"column":77},"end":{"line":108,"column":82},"skip":true},{"start":{"line":109,"column":20},"end":{"line":109,"column":39},"skip":true},{"start":{"line":110,"column":20},"end":{"line":110,"column":49},"skip":true},{"start":{"line":111,"column":20},"end":{"line":111,"column":58},"skip":true},{"start":{"line":112,"column":20},"end":{"line":112,"column":68},"skip":true}]},"15":{"line":129,"type":"if","locations":[{"start":{"line":129,"column":16},"end":{"line":129,"column":16},"skip":true},{"start":{"line":129,"column":16},"end":{"line":129,"column":16},"skip":true}]},"16":{"line":134,"type":"cond-expr","locations":[{"start":{"line":135,"column":26},"end":{"line":135,"column":29},"skip":true},{"start":{"line":136,"column":26},"end":{"line":136,"column":54},"skip":true}]},"17":{"line":164,"type":"binary-expr","locations":[{"start":{"line":164,"column":27},"end":{"line":164,"column":43},"skip":true},{"start":{"line":164,"column":47},"end":{"line":164,"column":49},"skip":true}]},"18":{"line":258,"type":"if","locations":[{"start":{"line":258,"column":8},"end":{"line":258,"column":8},"skip":true},{"start":{"line":258,"column":8},"end":{"line":258,"column":8},"skip":true}]},"19":{"line":275,"type":"switch","locations":[{"start":{"line":276,"column":20},"end":{"line":277,"column":64},"skip":true},{"start":{"line":278,"column":20},"end":{"line":279,"column":40},"skip":true},{"start":{"line":280,"column":20},"end":{"line":281,"column":40},"skip":true},{"start":{"line":282,"column":20},"end":{"line":283,"column":39},"skip":true}]},"20":{"line":288,"type":"if","locations":[{"start":{"line":288,"column":8},"end":{"line":288,"column":8},"skip":true},{"start":{"line":288,"column":8},"end":{"line":288,"column":8},"skip":true}]},"21":{"line":288,"type":"binary-expr","locations":[{"start":{"line":288,"column":12},"end":{"line":288,"column":40},"skip":true},{"start":{"line":288,"column":44},"end":{"line":288,"column":67},"skip":true}]},"22":{"line":292,"type":"binary-expr","locations":[{"start":{"line":292,"column":12},"end":{"line":292,"column":50},"skip":true},{"start":{"line":293,"column":12},"end":{"line":293,"column":53},"skip":true}]},"23":{"line":297,"type":"binary-expr","locations":[{"start":{"line":297,"column":12},"end":{"line":297,"column":62},"skip":true},{"start":{"line":298,"column":12},"end":{"line":301,"column":36},"skip":true}]},"24":{"line":303,"type":"binary-expr","locations":[{"start":{"line":303,"column":43},"end":{"line":303,"column":75},"skip":true},{"start":{"line":303,"column":79},"end":{"line":303,"column":81},"skip":true}]},"25":{"line":306,"type":"if","locations":[{"start":{"line":306,"column":8},"end":{"line":306,"column":8},"skip":true},{"start":{"line":306,"column":8},"end":{"line":306,"column":8},"skip":true}]},"26":{"line":310,"type":"if","locations":[{"start":{"line":310,"column":8},"end":{"line":310,"column":8},"skip":true},{"start":{"line":310,"column":8},"end":{"line":310,"column":8},"skip":true}]},"27":{"line":313,"type":"binary-expr","locations":[{"start":{"line":313,"column":27},"end":{"line":313,"column":43},"skip":true},{"start":{"line":313,"column":47},"end":{"line":313,"column":53},"skip":true}]},"28":{"line":317,"type":"if","locations":[{"start":{"line":317,"column":12},"end":{"line":317,"column":12},"skip":true},{"start":{"line":317,"column":12},"end":{"line":317,"column":12},"skip":true}]}},"code":["/*","example.js","","quickstart example","","instruction","    1. save this script as example.js","    2. run the shell command:","        $ npm install npmtest-dom4 && PORT=8081 node example.js","    3. play with the browser-demo on http://127.0.0.1:8081","*/","","","","/* istanbul instrument in package npmtest_dom4 */","/*jslint","    bitwise: true,","    browser: true,","    maxerr: 8,","    maxlen: 96,","    node: true,","    nomen: true,","    regexp: true,","    stupid: true","*/","(function () {","    'use strict';","    var local;","","","","    // run shared js-env code - pre-init","    (function () {","        // init local","        local = {};","        // init modeJs","        local.modeJs = (function () {","            try {","                return typeof navigator.userAgent === 'string' &&","                    typeof document.querySelector('body') === 'object' &&","                    typeof XMLHttpRequest.prototype.open === 'function' &&","                    'browser';","            } catch (errorCaughtBrowser) {","                return module.exports &&","                    typeof process.versions.node === 'string' &&","                    typeof require('http').createServer === 'function' &&","                    'node';","            }","        }());","        // init global","        local.global = local.modeJs === 'browser'","            ? window","            : global;","        // init utility2_rollup","        local = local.global.utility2_rollup || (local.modeJs === 'browser'","            ? local.global.utility2_npmtest_dom4","            : global.utility2_moduleExports);","        // export local","        local.global.local = local;","    }());","    switch (local.modeJs) {","","","","    // post-init","    // run browser js-env code - post-init","    /* istanbul ignore next */","    case 'browser':","        local.testRunBrowser = function (event) {","            if (!event || (event &&","                    event.currentTarget &&","                    event.currentTarget.className &&","                    event.currentTarget.className.includes &&","                    event.currentTarget.className.includes('onreset'))) {","                // reset output","                Array.from(","                    document.querySelectorAll('body > .resettable')","                ).forEach(function (element) {","                    switch (element.tagName) {","                    case 'INPUT':","                    case 'TEXTAREA':","                        element.value = '';","                        break;","                    default:","                        element.textContent = '';","                    }","                });","            }","            switch (event && event.currentTarget && event.currentTarget.id) {","            case 'testRunButton1':","                // show tests","                if (document.querySelector('#testReportDiv1').style.display === 'none') {","                    document.querySelector('#testReportDiv1').style.display = 'block';","                    document.querySelector('#testRunButton1').textContent =","                        'hide internal test';","                    local.modeTest = true;","                    local.testRunDefault(local);","                // hide tests","                } else {","                    document.querySelector('#testReportDiv1').style.display = 'none';","                    document.querySelector('#testRunButton1').textContent = 'run internal test';","                }","                break;","            // custom-case","            default:","                break;","            }","            if (document.querySelector('#inputTextareaEval1') && (!event || (event &&","                    event.currentTarget &&","                    event.currentTarget.className &&","                    event.currentTarget.className.includes &&","                    event.currentTarget.className.includes('oneval')))) {","                // try to eval input-code","                try {","                    /*jslint evil: true*/","                    eval(document.querySelector('#inputTextareaEval1').value);","                } catch (errorCaught) {","                    console.error(errorCaught);","                }","            }","        };","        // log stderr and stdout to #outputTextareaStdout1","        ['error', 'log'].forEach(function (key) {","            console[key + '_original'] = console[key];","            console[key] = function () {","                var element;","                console[key + '_original'].apply(console, arguments);","                element = document.querySelector('#outputTextareaStdout1');","                if (!element) {","                    return;","                }","                // append text to #outputTextareaStdout1","                element.value += Array.from(arguments).map(function (arg) {","                    return typeof arg === 'string'","                        ? arg","                        : JSON.stringify(arg, null, 4);","                }).join(' ') + '\\n';","                // scroll textarea to bottom","                element.scrollTop = element.scrollHeight;","            };","        });","        // init event-handling","        ['change', 'click', 'keyup'].forEach(function (event) {","            Array.from(document.querySelectorAll('.on' + event)).forEach(function (element) {","                element.addEventListener(event, local.testRunBrowser);","            });","        });","        // run tests","        local.testRunBrowser();","        break;","","","","    // run node js-env code - post-init","    /* istanbul ignore next */","    case 'node':","        // export local","        module.exports = local;","        // require modules","        local.fs = require('fs');","        local.http = require('http');","        local.url = require('url');","        // init assets","        local.assetsDict = local.assetsDict || {};","        /* jslint-ignore-begin */","        local.assetsDict['/assets.index.template.html'] = '\\","<!doctype html>\\n\\","<html lang=\"en\">\\n\\","<head>\\n\\","<meta charset=\"UTF-8\">\\n\\","<meta name=\"viewport\" content=\"width=device-width, initial-scale=1\">\\n\\","<title>{{env.npm_package_name}} (v{{env.npm_package_version}})</title>\\n\\","<style>\\n\\","/*csslint\\n\\","    box-sizing: false,\\n\\","    universal-selector: false\\n\\","*/\\n\\","* {\\n\\","    box-sizing: border-box;\\n\\","}\\n\\","body {\\n\\","    background: #dde;\\n\\","    font-family: Arial, Helvetica, sans-serif;\\n\\","    margin: 2rem;\\n\\","}\\n\\","body > * {\\n\\","    margin-bottom: 1rem;\\n\\","}\\n\\",".utility2FooterDiv {\\n\\","    margin-top: 20px;\\n\\","    text-align: center;\\n\\","}\\n\\","</style>\\n\\","<style>\\n\\","/*csslint\\n\\","*/\\n\\","textarea {\\n\\","    font-family: monospace;\\n\\","    height: 10rem;\\n\\","    width: 100%;\\n\\","}\\n\\","textarea[readonly] {\\n\\","    background: #ddd;\\n\\","}\\n\\","</style>\\n\\","</head>\\n\\","<body>\\n\\","<!-- utility2-comment\\n\\","<div id=\"ajaxProgressDiv1\" style=\"background: #d00; height: 2px; left: 0; margin: 0; padding: 0; position: fixed; top: 0; transition: background 0.5s, width 1.5s; width: 25%;\"></div>\\n\\","utility2-comment -->\\n\\","<h1>\\n\\","<!-- utility2-comment\\n\\","    <a\\n\\","        {{#if env.npm_package_homepage}}\\n\\","        href=\"{{env.npm_package_homepage}}\"\\n\\","        {{/if env.npm_package_homepage}}\\n\\","        target=\"_blank\"\\n\\","    >\\n\\","utility2-comment -->\\n\\","        {{env.npm_package_name}} (v{{env.npm_package_version}})\\n\\","<!-- utility2-comment\\n\\","    </a>\\n\\","utility2-comment -->\\n\\","</h1>\\n\\","<h3>{{env.npm_package_description}}</h3>\\n\\","<!-- utility2-comment\\n\\","<h4><a download href=\"assets.app.js\">download standalone app</a></h4>\\n\\","<button class=\"onclick onreset\" id=\"testRunButton1\">run internal test</button><br>\\n\\","<div id=\"testReportDiv1\" style=\"display: none;\"></div>\\n\\","utility2-comment -->\\n\\","\\n\\","\\n\\","\\n\\","<label>stderr and stdout</label>\\n\\","<textarea class=\"resettable\" id=\"outputTextareaStdout1\" readonly></textarea>\\n\\","<!-- utility2-comment\\n\\","{{#if isRollup}}\\n\\","<script src=\"assets.app.js\"></script>\\n\\","{{#unless isRollup}}\\n\\","utility2-comment -->\\n\\","<script src=\"assets.utility2.rollup.js\"></script>\\n\\","<script src=\"jsonp.utility2._stateInit?callback=window.utility2._stateInit\"></script>\\n\\","<script src=\"assets.npmtest_dom4.rollup.js\"></script>\\n\\","<script src=\"assets.example.js\"></script>\\n\\","<script src=\"assets.test.js\"></script>\\n\\","<!-- utility2-comment\\n\\","{{/if isRollup}}\\n\\","utility2-comment -->\\n\\","<div class=\"utility2FooterDiv\">\\n\\","    [ this app was created with\\n\\","    <a href=\"https://github.com/kaizhu256/node-utility2\" target=\"_blank\">utility2</a>\\n\\","    ]\\n\\","</div>\\n\\","</body>\\n\\","</html>\\n\\","';","        /* jslint-ignore-end */","        if (local.templateRender) {","            local.assetsDict['/'] = local.templateRender(","                local.assetsDict['/assets.index.template.html'],","                {","                    env: local.objectSetDefault(local.env, {","                        npm_package_description: 'the greatest app in the world!',","                        npm_package_name: 'my-app',","                        npm_package_nameAlias: 'my_app',","                        npm_package_version: '0.0.1'","                    })","                }","            );","        } else {","            local.assetsDict['/'] = local.assetsDict['/assets.index.template.html']","                .replace((/\\{\\{env\\.(\\w+?)\\}\\}/g), function (match0, match1) {","                    // jslint-hack","                    String(match0);","                    switch (match1) {","                    case 'npm_package_description':","                        return 'the greatest app in the world!';","                    case 'npm_package_name':","                        return 'my-app';","                    case 'npm_package_nameAlias':","                        return 'my_app';","                    case 'npm_package_version':","                        return '0.0.1';","                    }","                });","        }","        // run the cli","        if (local.global.utility2_rollup || module !== require.main) {","            break;","        }","        local.assetsDict['/assets.example.js'] =","            local.assetsDict['/assets.example.js'] ||","            local.fs.readFileSync(__filename, 'utf8');","        // bug-workaround - long $npm_package_buildCustomOrg","        /* jslint-ignore-begin */","        local.assetsDict['/assets.npmtest_dom4.rollup.js'] =","            local.assetsDict['/assets.npmtest_dom4.rollup.js'] ||","            local.fs.readFileSync(","                local.npmtest_dom4.__dirname + '/lib.npmtest_dom4.js',","                'utf8'","            ).replace((/^#!/), '//');","        /* jslint-ignore-end */","        local.assetsDict['/favicon.ico'] = local.assetsDict['/favicon.ico'] || '';","        // if $npm_config_timeout_exit exists,","        // then exit this process after $npm_config_timeout_exit ms","        if (Number(process.env.npm_config_timeout_exit)) {","            setTimeout(process.exit, Number(process.env.npm_config_timeout_exit));","        }","        // start server","        if (local.global.utility2_serverHttp1) {","            break;","        }","        process.env.PORT = process.env.PORT || '8081';","        console.error('server starting on port ' + process.env.PORT);","        local.http.createServer(function (request, response) {","            request.urlParsed = local.url.parse(request.url);","            if (local.assetsDict[request.urlParsed.pathname] !== undefined) {","                response.end(local.assetsDict[request.urlParsed.pathname]);","                return;","            }","            response.statusCode = 404;","            response.end();","        }).listen(process.env.PORT);","        break;","    }","}());",""],"l":{"26":2,"28":2,"33":2,"35":2,"37":2,"38":2,"39":2,"44":1,"51":2,"55":2,"59":2,"61":2,"69":1,"70":2,"76":2,"79":2,"82":2,"83":2,"85":1,"89":2,"92":1,"93":1,"94":1,"96":1,"97":1,"100":1,"101":1,"103":1,"106":1,"108":2,"114":1,"116":1,"118":1,"123":1,"124":2,"125":2,"126":3,"127":3,"128":3,"129":3,"130":1,"133":3,"134":3,"139":3,"143":1,"144":3,"145":1,"149":1,"150":1,"158":1,"160":1,"161":1,"162":1,"164":1,"166":1,"258":1,"259":1,"271":1,"274":6,"275":6,"277":1,"279":2,"281":1,"283":2,"288":1,"289":1,"291":1,"296":1,"303":1,"306":1,"307":1,"310":1,"311":1,"313":1,"314":1,"315":1,"316":1,"317":1,"318":1,"319":1,"321":1,"322":1,"324":1}},"/home/travis/build/npmtest/node-npmtest-dom4/node_modules/dom4/build/dom4.max.js":{"path":"/home/travis/build/npmtest/node-npmtest-dom4/node_modules/dom4/build/dom4.max.js","s":{"1":2,"2":1,"3":0,"4":1,"5":0,"6":1,"7":0,"8":0,"9":1,"10":0,"11":0,"12":0,"13":0,"14":0,"15":1,"16":0,"17":0,"18":0,"19":0,"20":0,"21":0,"22":0,"23":0,"24":0,"25":0,"26":0,"27":0,"28":0,"29":0,"30":0,"31":0,"32":0,"33":0,"34":0,"35":0,"36":0,"37":0,"38":0,"39":0,"40":0,"41":0,"42":0,"43":0,"44":0,"45":0,"46":0,"47":0,"48":0,"49":0,"50":0,"51":0,"52":0,"53":0,"54":0,"55":0,"56":0,"57":0,"58":0,"59":0,"60":0,"61":0,"62":0,"63":0,"64":0,"65":0,"66":0,"67":0,"68":0,"69":0,"70":0,"71":0,"72":0,"73":0,"74":0,"75":0,"76":0,"77":0,"78":0,"79":0,"80":0,"81":0,"82":0,"83":0,"84":0,"85":0,"86":0,"87":0,"88":0,"89":0,"90":0,"91":0,"92":0,"93":0,"94":0,"95":0,"96":0,"97":0,"98":0,"99":0,"100":0,"101":0,"102":0,"103":0,"104":0,"105":0,"106":0,"107":0,"108":0,"109":0,"110":0,"111":0,"112":0,"113":0,"114":0,"115":0,"116":0,"117":0,"118":0,"119":0,"120":1,"121":0,"122":0,"123":0,"124":0,"125":0,"126":0,"127":0,"128":0,"129":0,"130":1,"131":0,"132":0,"133":0,"134":0,"135":0,"136":0,"137":1,"138":0,"139":0,"140":0,"141":0,"142":0,"143":0,"144":0,"145":0,"146":0,"147":0,"148":0,"149":0,"150":0,"151":0,"152":0,"153":0,"154":0,"155":0,"156":0,"157":0,"158":1,"159":0,"160":0,"161":0,"162":0,"163":1,"164":0,"165":0,"166":0,"167":0,"168":1,"169":0,"170":0,"171":1,"172":0,"173":0,"174":0,"175":0,"176":0,"177":0,"178":0,"179":0,"180":0,"181":0,"182":0,"183":0,"184":0,"185":0,"186":0,"187":0,"188":0,"189":0,"190":0,"191":0,"192":0,"193":0,"194":0,"195":0,"196":0,"197":0,"198":0,"199":0,"200":0,"201":0,"202":0,"203":0,"204":0,"205":1,"206":0,"207":0,"208":0,"209":0,"210":0,"211":0,"212":0,"213":0,"214":0,"215":0,"216":0,"217":0,"218":0,"219":0,"220":1,"221":0,"222":0,"223":0,"224":0,"225":1,"226":0,"227":0,"228":0,"229":0,"230":0,"231":0,"232":1,"233":0,"234":0,"235":0,"236":0,"237":0,"238":0,"239":0,"240":0,"241":0,"242":0,"243":0,"244":0,"245":0,"246":1,"247":0,"248":1,"249":1,"250":0,"251":0,"252":0,"253":0,"254":0,"255":0,"256":0,"257":0,"258":0,"259":0,"260":0,"261":0,"262":0,"263":0,"264":0,"265":0,"266":0,"267":0,"268":0,"269":0,"270":0,"271":0,"272":0,"273":0,"274":0,"275":0,"276":0,"277":0,"278":0,"279":0,"280":0,"281":0,"282":0,"283":0,"284":0,"285":1,"286":0,"287":0,"288":0,"289":0,"290":0,"291":0,"292":0,"293":0,"294":0,"295":0,"296":0,"297":0,"298":0,"299":0,"300":0,"301":0,"302":0,"303":1,"304":0,"305":0,"306":0,"307":0,"308":0,"309":0,"310":0,"311":0,"312":0,"313":0,"314":0,"315":0,"316":0,"317":0,"318":0,"319":0,"320":0,"321":0,"322":0,"323":0,"324":0,"325":0,"326":0,"327":0,"328":0,"329":0,"330":0,"331":0,"332":0,"333":0,"334":0,"335":0},"b":{"1":[0,0],"2":[0,0],"3":[0,0],"4":[0,0],"5":[0,0],"6":[0,0],"7":[0,0],"8":[0,0],"9":[0,0],"10":[0,0],"11":[0,0],"12":[0,0],"13":[0,0],"14":[0,0],"15":[0,0],"16":[0,0],"17":[0,0],"18":[0,0],"19":[0,0],"20":[0,0],"21":[0,0],"22":[0,0],"23":[0,0],"24":[0,0],"25":[0,0],"26":[0,0],"27":[0,0],"28":[0,0],"29":[0,0],"30":[0,0],"31":[0,0],"32":[0,0],"33":[0,0],"34":[0,0],"35":[0,0],"36":[0,0],"37":[0,0],"38":[0,0],"39":[0,0],"40":[0,0],"41":[0,0],"42":[0,0],"43":[0,0],"44":[0,0],"45":[0,0],"46":[0,0],"47":[0,0],"48":[0,0,0,0],"49":[0,0],"50":[0,0],"51":[0,0],"52":[0,0],"53":[0,0],"54":[0,0],"55":[0,0],"56":[0,0],"57":[0,0],"58":[0,0],"59":[0,0],"60":[0,0,0,0],"61":[0,0,0,0],"62":[0,0],"63":[0,0],"64":[0,0],"65":[0,0],"66":[0,0],"67":[0,0,0,0,0],"68":[0,0],"69":[0,0],"70":[0,0],"71":[0,0],"72":[0,0],"73":[0,0],"74":[0,0],"75":[0,0],"76":[0,0],"77":[0,0],"78":[0,0],"79":[0,0],"80":[0,0],"81":[0,0],"82":[0,0],"83":[0,0],"84":[0,0],"85":[0,0],"86":[0,0],"87":[0,0],"88":[0,0],"89":[0,0],"90":[0,0],"91":[0,0],"92":[0,0],"93":[0,0],"94":[0,0],"95":[0,0],"96":[0,0],"97":[0,0],"98":[0,0],"99":[0,0],"100":[0,0],"101":[0,0],"102":[0,0],"103":[0,0],"104":[0,0],"105":[0,0],"106":[0,0],"107":[0,0],"108":[0,0],"109":[0,0],"110":[0,0],"111":[0,0],"112":[0,0],"113":[0,0]},"f":{"1":0,"2":0,"3":0,"4":0,"5":0,"6":0,"7":0,"8":0,"9":0,"10":0,"11":0,"12":0,"13":0,"14":0,"15":0,"16":0,"17":0,"18":0,"19":0,"20":0,"21":0,"22":0,"23":0,"24":0,"25":0,"26":0,"27":0,"28":0,"29":0,"30":0,"31":0,"32":0,"33":0,"34":0,"35":0,"36":0,"37":0,"38":0,"39":0,"40":0,"41":0,"42":0,"43":0,"44":0,"45":0,"46":0,"47":0,"48":0,"49":0,"50":0,"51":0,"52":0,"53":0,"54":0,"55":0,"56":0,"57":0,"58":0,"59":0,"60":0,"61":0,"62":0,"63":0,"64":0,"65":0},"fnMap":{"1":{"name":"(anonymous_1)","line":23,"loc":{"start":{"line":23,"column":1},"end":{"line":23,"column":17}}},"2":{"name":"createDocumentFragment","line":27,"loc":{"start":{"line":27,"column":2},"end":{"line":27,"column":36}}},"3":{"name":"createElement","line":31,"loc":{"start":{"line":31,"column":2},"end":{"line":31,"column":35}}},"4":{"name":"enoughArguments","line":35,"loc":{"start":{"line":35,"column":2},"end":{"line":35,"column":41}}},"5":{"name":"mutationMacro","line":43,"loc":{"start":{"line":43,"column":2},"end":{"line":43,"column":32}}},"6":{"name":"textNodeIfString","line":57,"loc":{"start":{"line":57,"column":2},"end":{"line":57,"column":34}}},"7":{"name":"(anonymous_7)","line":285,"loc":{"start":{"line":285,"column":46},"end":{"line":285,"column":58}}},"8":{"name":"(anonymous_8)","line":334,"loc":{"start":{"line":334,"column":33},"end":{"line":334,"column":50}}},"9":{"name":"(anonymous_9)","line":335,"loc":{"start":{"line":335,"column":13},"end":{"line":335,"column":33}}},"10":{"name":"add","line":349,"loc":{"start":{"line":349,"column":9},"end":{"line":349,"column":24}}},"11":{"name":"(anonymous_11)","line":362,"loc":{"start":{"line":362,"column":15},"end":{"line":362,"column":32}}},"12":{"name":"contains","line":363,"loc":{"start":{"line":363,"column":13},"end":{"line":363,"column":38}}},"13":{"name":"(anonymous_13)","line":367,"loc":{"start":{"line":367,"column":20},"end":{"line":367,"column":37}}},"14":{"name":"item","line":372,"loc":{"start":{"line":372,"column":10},"end":{"line":372,"column":27}}},"15":{"name":"remove","line":375,"loc":{"start":{"line":375,"column":12},"end":{"line":375,"column":30}}},"16":{"name":"toString","line":389,"loc":{"start":{"line":389,"column":14},"end":{"line":389,"column":34}}},"17":{"name":"(anonymous_17)","line":416,"loc":{"start":{"line":416,"column":24},"end":{"line":416,"column":44}}},"18":{"name":"(anonymous_18)","line":417,"loc":{"start":{"line":417,"column":15},"end":{"line":417,"column":27}}},"19":{"name":"(anonymous_19)","line":433,"loc":{"start":{"line":433,"column":13},"end":{"line":433,"column":27}}},"20":{"name":"(anonymous_20)","line":442,"loc":{"start":{"line":442,"column":11},"end":{"line":442,"column":23}}},"21":{"name":"(anonymous_21)","line":451,"loc":{"start":{"line":451,"column":3},"end":{"line":451,"column":15}}},"22":{"name":"(anonymous_22)","line":468,"loc":{"start":{"line":468,"column":14},"end":{"line":468,"column":34}}},"23":{"name":"(anonymous_23)","line":470,"loc":{"start":{"line":470,"column":14},"end":{"line":470,"column":26}}},"24":{"name":"(anonymous_24)","line":473,"loc":{"start":{"line":473,"column":17},"end":{"line":473,"column":29}}},"25":{"name":"(anonymous_25)","line":477,"loc":{"start":{"line":477,"column":14},"end":{"line":477,"column":28}}},"26":{"name":"(anonymous_26)","line":481,"loc":{"start":{"line":481,"column":14},"end":{"line":481,"column":34}}},"27":{"name":"(anonymous_27)","line":484,"loc":{"start":{"line":484,"column":14},"end":{"line":484,"column":28}}},"28":{"name":"(anonymous_28)","line":495,"loc":{"start":{"line":495,"column":25},"end":{"line":498,"column":5}}},"29":{"name":"CustomEvent","line":501,"loc":{"start":{"line":501,"column":6},"end":{"line":501,"column":48}}},"30":{"name":"initCustomEvent","line":523,"loc":{"start":{"line":523,"column":6},"end":{"line":525,"column":8}}},"31":{"name":"(anonymous_31)","line":552,"loc":{"start":{"line":552,"column":11},"end":{"line":552,"column":29}}},"32":{"name":"Event","line":553,"loc":{"start":{"line":553,"column":6},"end":{"line":553,"column":33}}},"33":{"name":"Event","line":566,"loc":{"start":{"line":566,"column":22},"end":{"line":566,"column":39}}},"34":{"name":"(anonymous_34)","line":575,"loc":{"start":{"line":575,"column":11},"end":{"line":575,"column":37}}},"35":{"name":"getModifier","line":614,"loc":{"start":{"line":614,"column":6},"end":{"line":614,"column":33}}},"36":{"name":"withDefaults","line":637,"loc":{"start":{"line":637,"column":6},"end":{"line":637,"column":44}}},"37":{"name":"withInitValues","line":647,"loc":{"start":{"line":647,"column":6},"end":{"line":647,"column":46}}},"38":{"name":"KeyboardEvent","line":653,"loc":{"start":{"line":653,"column":6},"end":{"line":653,"column":41}}},"39":{"name":"KeyboardEvent","line":719,"loc":{"start":{"line":719,"column":30},"end":{"line":719,"column":55}}},"40":{"name":"(anonymous_40)","line":728,"loc":{"start":{"line":728,"column":11},"end":{"line":728,"column":34}}},"41":{"name":"MouseEvent","line":729,"loc":{"start":{"line":729,"column":6},"end":{"line":729,"column":38}}},"42":{"name":"MouseEvent","line":754,"loc":{"start":{"line":754,"column":27},"end":{"line":754,"column":49}}},"43":{"name":"(anonymous_43)","line":760,"loc":{"start":{"line":760,"column":12},"end":{"line":760,"column":29}}},"44":{"name":"(anonymous_44)","line":763,"loc":{"start":{"line":763,"column":34},"end":{"line":763,"column":46}}},"45":{"name":"dispatch","line":772,"loc":{"start":{"line":772,"column":4},"end":{"line":772,"column":43}}},"46":{"name":"Handler","line":779,"loc":{"start":{"line":779,"column":4},"end":{"line":779,"column":28}}},"47":{"name":"handleEvent","line":783,"loc":{"start":{"line":783,"column":36},"end":{"line":783,"column":60}}},"48":{"name":"DOMMap","line":792,"loc":{"start":{"line":792,"column":4},"end":{"line":792,"column":22}}},"49":{"name":"del","line":799,"loc":{"start":{"line":799,"column":16},"end":{"line":799,"column":34}}},"50":{"name":"get","line":802,"loc":{"start":{"line":802,"column":13},"end":{"line":802,"column":31}}},"51":{"name":"has","line":808,"loc":{"start":{"line":808,"column":13},"end":{"line":808,"column":31}}},"52":{"name":"set","line":811,"loc":{"start":{"line":811,"column":13},"end":{"line":811,"column":38}}},"53":{"name":"Dict","line":822,"loc":{"start":{"line":822,"column":2},"end":{"line":822,"column":18}}},"54":{"name":"createEventListener","line":827,"loc":{"start":{"line":827,"column":2},"end":{"line":827,"column":56}}},"55":{"name":"eventListener","line":828,"loc":{"start":{"line":828,"column":4},"end":{"line":828,"column":30}}},"56":{"name":"preventDefault","line":860,"loc":{"start":{"line":860,"column":39},"end":{"line":860,"column":65}}},"57":{"name":"(anonymous_57)","line":869,"loc":{"start":{"line":869,"column":16},"end":{"line":869,"column":28}}},"58":{"name":"indexOf","line":870,"loc":{"start":{"line":870,"column":28},"end":{"line":870,"column":51}}},"59":{"name":"(anonymous_59)","line":879,"loc":{"start":{"line":879,"column":21},"end":{"line":879,"column":40}}},"60":{"name":"(anonymous_60)","line":897,"loc":{"start":{"line":897,"column":5},"end":{"line":897,"column":17}}},"61":{"name":"createAEL","line":899,"loc":{"start":{"line":899,"column":6},"end":{"line":899,"column":30}}},"62":{"name":"addEventListener","line":900,"loc":{"start":{"line":900,"column":15},"end":{"line":900,"column":65}}},"63":{"name":"createREL","line":929,"loc":{"start":{"line":929,"column":6},"end":{"line":929,"column":30}}},"64":{"name":"removeEventListener","line":930,"loc":{"start":{"line":930,"column":15},"end":{"line":930,"column":68}}},"65":{"name":"(anonymous_65)","line":963,"loc":{"start":{"line":963,"column":16},"end":{"line":963,"column":39}}}},"statementMap":{"1":{"start":{"line":23,"column":0},"end":{"line":760,"column":11}},"2":{"start":{"line":27,"column":2},"end":{"line":29,"column":3}},"3":{"start":{"line":28,"column":4},"end":{"line":28,"column":45}},"4":{"start":{"line":31,"column":2},"end":{"line":33,"column":3}},"5":{"start":{"line":32,"column":4},"end":{"line":32,"column":44}},"6":{"start":{"line":35,"column":2},"end":{"line":41,"column":3}},"7":{"start":{"line":36,"column":4},"end":{"line":40,"column":6}},"8":{"start":{"line":36,"column":17},"end":{"line":40,"column":6}},"9":{"start":{"line":43,"column":2},"end":{"line":55,"column":3}},"10":{"start":{"line":44,"column":4},"end":{"line":46,"column":5}},"11":{"start":{"line":45,"column":6},"end":{"line":45,"column":40}},"12":{"start":{"line":47,"column":4},"end":{"line":53,"column":5}},"13":{"start":{"line":52,"column":6},"end":{"line":52,"column":54}},"14":{"start":{"line":54,"column":4},"end":{"line":54,"column":20}},"15":{"start":{"line":57,"column":2},"end":{"line":59,"column":3}},"16":{"start":{"line":58,"column":4},"end":{"line":58,"column":75}},"17":{"start":{"line":61,"column":2},"end":{"line":312,"column":3}},"18":{"start":{"line":279,"column":4},"end":{"line":279,"column":33}},"19":{"start":{"line":280,"column":4},"end":{"line":282,"column":5}},"20":{"start":{"line":281,"column":6},"end":{"line":281,"column":53}},"21":{"start":{"line":283,"column":4},"end":{"line":290,"column":5}},"22":{"start":{"line":285,"column":6},"end":{"line":289,"column":8}},"23":{"start":{"line":286,"column":8},"end":{"line":288,"column":45}},"24":{"start":{"line":292,"column":4},"end":{"line":299,"column":5}},"25":{"start":{"line":293,"column":6},"end":{"line":295,"column":7}},"26":{"start":{"line":294,"column":8},"end":{"line":294,"column":61}},"27":{"start":{"line":296,"column":6},"end":{"line":298,"column":7}},"28":{"start":{"line":297,"column":8},"end":{"line":297,"column":60}},"29":{"start":{"line":301,"column":4},"end":{"line":311,"column":5}},"30":{"start":{"line":302,"column":6},"end":{"line":310,"column":7}},"31":{"start":{"line":303,"column":8},"end":{"line":305,"column":9}},"32":{"start":{"line":304,"column":10},"end":{"line":304,"column":66}},"33":{"start":{"line":307,"column":8},"end":{"line":309,"column":23}},"34":{"start":{"line":308,"column":10},"end":{"line":308,"column":87}},"35":{"start":{"line":315,"column":2},"end":{"line":315,"column":27}},"36":{"start":{"line":318,"column":2},"end":{"line":324,"column":3}},"37":{"start":{"line":319,"column":4},"end":{"line":319,"column":46}},"38":{"start":{"line":321,"column":4},"end":{"line":323,"column":19}},"39":{"start":{"line":322,"column":6},"end":{"line":322,"column":69}},"40":{"start":{"line":327,"column":2},"end":{"line":329,"column":3}},"41":{"start":{"line":328,"column":4},"end":{"line":328,"column":41}},"42":{"start":{"line":333,"column":2},"end":{"line":344,"column":3}},"43":{"start":{"line":334,"column":4},"end":{"line":343,"column":34}},"44":{"start":{"line":335,"column":6},"end":{"line":342,"column":8}},"45":{"start":{"line":336,"column":8},"end":{"line":341,"column":10}},"46":{"start":{"line":347,"column":2},"end":{"line":392,"column":4}},"47":{"start":{"line":350,"column":6},"end":{"line":355,"column":7}},"48":{"start":{"line":351,"column":8},"end":{"line":351,"column":29}},"49":{"start":{"line":352,"column":8},"end":{"line":354,"column":9}},"50":{"start":{"line":353,"column":10},"end":{"line":353,"column":47}},"51":{"start":{"line":356,"column":6},"end":{"line":360,"column":7}},"52":{"start":{"line":357,"column":8},"end":{"line":357,"column":48}},"53":{"start":{"line":359,"column":8},"end":{"line":359,"column":37}},"54":{"start":{"line":363,"column":6},"end":{"line":366,"column":8}},"55":{"start":{"line":364,"column":8},"end":{"line":364,"column":62}},"56":{"start":{"line":365,"column":8},"end":{"line":365,"column":22}},"57":{"start":{"line":368,"column":6},"end":{"line":368,"column":22}},"58":{"start":{"line":369,"column":6},"end":{"line":369,"column":39}},"59":{"start":{"line":370,"column":6},"end":{"line":370,"column":15}},"60":{"start":{"line":373,"column":6},"end":{"line":373,"column":29}},"61":{"start":{"line":376,"column":6},"end":{"line":381,"column":7}},"62":{"start":{"line":377,"column":8},"end":{"line":377,"column":29}},"63":{"start":{"line":378,"column":8},"end":{"line":380,"column":9}},"64":{"start":{"line":379,"column":10},"end":{"line":379,"column":45}},"65":{"start":{"line":382,"column":6},"end":{"line":386,"column":7}},"66":{"start":{"line":383,"column":8},"end":{"line":383,"column":48}},"67":{"start":{"line":385,"column":8},"end":{"line":385,"column":37}},"68":{"start":{"line":390,"column":6},"end":{"line":390,"column":47}},"69":{"start":{"line":394,"column":2},"end":{"line":396,"column":3}},"70":{"start":{"line":395,"column":4},"end":{"line":395,"column":74}},"71":{"start":{"line":402,"column":2},"end":{"line":429,"column":3}},"72":{"start":{"line":403,"column":4},"end":{"line":403,"column":70}},"73":{"start":{"line":407,"column":4},"end":{"line":407,"column":58}},"74":{"start":{"line":408,"column":4},"end":{"line":408,"column":42}},"75":{"start":{"line":409,"column":4},"end":{"line":428,"column":5}},"76":{"start":{"line":411,"column":6},"end":{"line":411,"column":68}},"77":{"start":{"line":412,"column":6},"end":{"line":415,"column":7}},"78":{"start":{"line":414,"column":8},"end":{"line":414,"column":65}},"79":{"start":{"line":416,"column":6},"end":{"line":423,"column":8}},"80":{"start":{"line":417,"column":8},"end":{"line":422,"column":10}},"81":{"start":{"line":418,"column":10},"end":{"line":418,"column":20}},"82":{"start":{"line":419,"column":10},"end":{"line":421,"column":11}},"83":{"start":{"line":420,"column":12},"end":{"line":420,"column":48}},"84":{"start":{"line":424,"column":6},"end":{"line":424,"column":71}},"85":{"start":{"line":425,"column":6},"end":{"line":425,"column":77}},"86":{"start":{"line":427,"column":6},"end":{"line":427,"column":41}},"87":{"start":{"line":431,"column":2},"end":{"line":438,"column":3}},"88":{"start":{"line":432,"column":4},"end":{"line":437,"column":7}},"89":{"start":{"line":434,"column":8},"end":{"line":434,"column":53}},"90":{"start":{"line":434,"column":34},"end":{"line":434,"column":53}},"91":{"start":{"line":435,"column":8},"end":{"line":435,"column":27}},"92":{"start":{"line":440,"column":2},"end":{"line":448,"column":3}},"93":{"start":{"line":441,"column":4},"end":{"line":447,"column":7}},"94":{"start":{"line":443,"column":8},"end":{"line":445,"column":10}},"95":{"start":{"line":451,"column":2},"end":{"line":491,"column":7}},"96":{"start":{"line":452,"column":4},"end":{"line":463,"column":5}},"97":{"start":{"line":460,"column":6},"end":{"line":460,"column":65}},"98":{"start":{"line":461,"column":6},"end":{"line":462,"column":64}},"99":{"start":{"line":464,"column":4},"end":{"line":488,"column":5}},"100":{"start":{"line":466,"column":6},"end":{"line":487,"column":7}},"101":{"start":{"line":467,"column":8},"end":{"line":467,"column":18}},"102":{"start":{"line":468,"column":8},"end":{"line":476,"column":10}},"103":{"start":{"line":469,"column":10},"end":{"line":469,"column":26}},"104":{"start":{"line":470,"column":10},"end":{"line":472,"column":13}},"105":{"start":{"line":471,"column":12},"end":{"line":471,"column":54}},"106":{"start":{"line":471,"column":22},"end":{"line":471,"column":54}},"107":{"start":{"line":473,"column":10},"end":{"line":475,"column":12}},"108":{"start":{"line":474,"column":12},"end":{"line":474,"column":25}},"109":{"start":{"line":477,"column":8},"end":{"line":479,"column":10}},"110":{"start":{"line":478,"column":10},"end":{"line":478,"column":15}},"111":{"start":{"line":481,"column":8},"end":{"line":483,"column":10}},"112":{"start":{"line":482,"column":10},"end":{"line":482,"column":46}},"113":{"start":{"line":484,"column":8},"end":{"line":486,"column":10}},"114":{"start":{"line":485,"column":10},"end":{"line":485,"column":27}},"115":{"start":{"line":489,"column":4},"end":{"line":489,"column":39}},"116":{"start":{"line":490,"column":4},"end":{"line":490,"column":38}},"117":{"start":{"line":494,"column":2},"end":{"line":547,"column":3}},"118":{"start":{"line":494,"column":6},"end":{"line":494,"column":34}},"119":{"start":{"line":495,"column":4},"end":{"line":546,"column":6}},"120":{"start":{"line":501,"column":6},"end":{"line":520,"column":7}},"121":{"start":{"line":503,"column":8},"end":{"line":503,"column":52}},"122":{"start":{"line":504,"column":8},"end":{"line":506,"column":9}},"123":{"start":{"line":505,"column":10},"end":{"line":505,"column":60}},"124":{"start":{"line":507,"column":8},"end":{"line":509,"column":9}},"125":{"start":{"line":508,"column":10},"end":{"line":508,"column":50}},"126":{"start":{"line":510,"column":8},"end":{"line":512,"column":9}},"127":{"start":{"line":511,"column":10},"end":{"line":511,"column":42}},"128":{"start":{"line":513,"column":8},"end":{"line":518,"column":10}},"129":{"start":{"line":519,"column":8},"end":{"line":519,"column":21}},"130":{"start":{"line":523,"column":6},"end":{"line":529,"column":7}},"131":{"start":{"line":527,"column":8},"end":{"line":527,"column":50}},"132":{"start":{"line":528,"column":8},"end":{"line":528,"column":29}},"133":{"start":{"line":532,"column":6},"end":{"line":532,"column":25}},"134":{"start":{"line":550,"column":2},"end":{"line":570,"column":3}},"135":{"start":{"line":550,"column":8},"end":{"line":550,"column":23}},"136":{"start":{"line":552,"column":4},"end":{"line":566,"column":44}},"137":{"start":{"line":553,"column":6},"end":{"line":563,"column":7}},"138":{"start":{"line":554,"column":8},"end":{"line":554,"column":51}},"139":{"start":{"line":555,"column":8},"end":{"line":555,"column":48}},"140":{"start":{"line":556,"column":8},"end":{"line":556,"column":29}},"141":{"start":{"line":556,"column":19},"end":{"line":556,"column":29}},"142":{"start":{"line":557,"column":8},"end":{"line":561,"column":10}},"143":{"start":{"line":562,"column":8},"end":{"line":562,"column":19}},"144":{"start":{"line":564,"column":6},"end":{"line":564,"column":41}},"145":{"start":{"line":565,"column":6},"end":{"line":565,"column":19}},"146":{"start":{"line":567,"column":4},"end":{"line":567,"column":50}},"147":{"start":{"line":569,"column":4},"end":{"line":569,"column":35}},"148":{"start":{"line":569,"column":23},"end":{"line":569,"column":35}},"149":{"start":{"line":573,"column":2},"end":{"line":723,"column":3}},"150":{"start":{"line":573,"column":8},"end":{"line":573,"column":35}},"151":{"start":{"line":575,"column":4},"end":{"line":719,"column":60}},"152":{"start":{"line":577,"column":6},"end":{"line":598,"column":7}},"153":{"start":{"line":599,"column":6},"end":{"line":611,"column":21}},"154":{"start":{"line":600,"column":8},"end":{"line":600,"column":54}},"155":{"start":{"line":601,"column":8},"end":{"line":604,"column":10}},"156":{"start":{"line":605,"column":8},"end":{"line":610,"column":15}},"157":{"start":{"line":612,"column":6},"end":{"line":612,"column":59}},"158":{"start":{"line":614,"column":6},"end":{"line":635,"column":7}},"159":{"start":{"line":615,"column":8},"end":{"line":633,"column":9}},"160":{"start":{"line":631,"column":10},"end":{"line":632,"column":34}},"161":{"start":{"line":632,"column":12},"end":{"line":632,"column":34}},"162":{"start":{"line":634,"column":8},"end":{"line":634,"column":29}},"163":{"start":{"line":637,"column":6},"end":{"line":645,"column":7}},"164":{"start":{"line":638,"column":8},"end":{"line":643,"column":9}},"165":{"start":{"line":639,"column":10},"end":{"line":642,"column":38}},"166":{"start":{"line":642,"column":12},"end":{"line":642,"column":38}},"167":{"start":{"line":644,"column":8},"end":{"line":644,"column":22}},"168":{"start":{"line":647,"column":6},"end":{"line":651,"column":7}},"169":{"start":{"line":648,"column":8},"end":{"line":650,"column":23}},"170":{"start":{"line":649,"column":10},"end":{"line":649,"column":31}},"171":{"start":{"line":653,"column":6},"end":{"line":716,"column":7}},"172":{"start":{"line":654,"column":8},"end":{"line":654,"column":59}},"173":{"start":{"line":655,"column":8},"end":{"line":655,"column":50}},"174":{"start":{"line":656,"column":8},"end":{"line":681,"column":9}},"175":{"start":{"line":682,"column":8},"end":{"line":682,"column":51}},"176":{"start":{"line":682,"column":25},"end":{"line":682,"column":51}},"177":{"start":{"line":683,"column":8},"end":{"line":709,"column":9}},"178":{"start":{"line":684,"column":10},"end":{"line":687,"column":12}},"179":{"start":{"line":688,"column":15},"end":{"line":709,"column":9}},"180":{"start":{"line":689,"column":10},"end":{"line":689,"column":51}},"181":{"start":{"line":690,"column":10},"end":{"line":705,"column":11}},"182":{"start":{"line":692,"column":14},"end":{"line":692,"column":88}},"183":{"start":{"line":693,"column":14},"end":{"line":693,"column":20}},"184":{"start":{"line":695,"column":14},"end":{"line":695,"column":79}},"185":{"start":{"line":696,"column":14},"end":{"line":696,"column":20}},"186":{"start":{"line":698,"column":14},"end":{"line":698,"column":88}},"187":{"start":{"line":699,"column":14},"end":{"line":699,"column":20}},"188":{"start":{"line":701,"column":14},"end":{"line":701,"column":66}},"189":{"start":{"line":702,"column":14},"end":{"line":702,"column":20}},"190":{"start":{"line":704,"column":14},"end":{"line":704,"column":72}},"191":{"start":{"line":706,"column":10},"end":{"line":706,"column":49}},"192":{"start":{"line":708,"column":10},"end":{"line":708,"column":51}},"193":{"start":{"line":710,"column":8},"end":{"line":714,"column":9}},"194":{"start":{"line":711,"column":10},"end":{"line":713,"column":11}},"195":{"start":{"line":712,"column":12},"end":{"line":712,"column":43}},"196":{"start":{"line":715,"column":8},"end":{"line":715,"column":19}},"197":{"start":{"line":717,"column":6},"end":{"line":717,"column":57}},"198":{"start":{"line":718,"column":6},"end":{"line":718,"column":27}},"199":{"start":{"line":720,"column":4},"end":{"line":720,"column":58}},"200":{"start":{"line":722,"column":4},"end":{"line":722,"column":51}},"201":{"start":{"line":722,"column":31},"end":{"line":722,"column":51}},"202":{"start":{"line":726,"column":2},"end":{"line":758,"column":3}},"203":{"start":{"line":726,"column":8},"end":{"line":726,"column":32}},"204":{"start":{"line":728,"column":4},"end":{"line":754,"column":54}},"205":{"start":{"line":729,"column":6},"end":{"line":751,"column":7}},"206":{"start":{"line":730,"column":8},"end":{"line":730,"column":56}},"207":{"start":{"line":731,"column":8},"end":{"line":731,"column":53}},"208":{"start":{"line":732,"column":8},"end":{"line":732,"column":29}},"209":{"start":{"line":732,"column":19},"end":{"line":732,"column":29}},"210":{"start":{"line":733,"column":8},"end":{"line":749,"column":10}},"211":{"start":{"line":750,"column":8},"end":{"line":750,"column":19}},"212":{"start":{"line":752,"column":6},"end":{"line":752,"column":51}},"213":{"start":{"line":753,"column":6},"end":{"line":753,"column":24}},"214":{"start":{"line":755,"column":4},"end":{"line":755,"column":55}},"215":{"start":{"line":757,"column":4},"end":{"line":757,"column":45}},"216":{"start":{"line":757,"column":28},"end":{"line":757,"column":45}},"217":{"start":{"line":760,"column":11},"end":{"line":983,"column":9}},"218":{"start":{"line":763,"column":2},"end":{"line":820,"column":7}},"219":{"start":{"line":765,"column":4},"end":{"line":770,"column":5}},"220":{"start":{"line":772,"column":4},"end":{"line":777,"column":5}},"221":{"start":{"line":773,"column":6},"end":{"line":773,"column":24}},"222":{"start":{"line":774,"column":6},"end":{"line":774,"column":25}},"223":{"start":{"line":775,"column":6},"end":{"line":775,"column":24}},"224":{"start":{"line":776,"column":6},"end":{"line":776,"column":28}},"225":{"start":{"line":779,"column":4},"end":{"line":781,"column":5}},"226":{"start":{"line":780,"column":6},"end":{"line":780,"column":25}},"227":{"start":{"line":783,"column":4},"end":{"line":790,"column":6}},"228":{"start":{"line":784,"column":6},"end":{"line":784,"column":24}},"229":{"start":{"line":785,"column":6},"end":{"line":789,"column":7}},"230":{"start":{"line":786,"column":8},"end":{"line":786,"column":65}},"231":{"start":{"line":788,"column":8},"end":{"line":788,"column":27}},"232":{"start":{"line":792,"column":4},"end":{"line":795,"column":5}},"233":{"start":{"line":793,"column":6},"end":{"line":793,"column":16}},"234":{"start":{"line":794,"column":6},"end":{"line":794,"column":70}},"235":{"start":{"line":797,"column":4},"end":{"line":816,"column":6}},"236":{"start":{"line":800,"column":8},"end":{"line":800,"column":60}},"237":{"start":{"line":803,"column":8},"end":{"line":803,"column":42}},"238":{"start":{"line":804,"column":8},"end":{"line":804,"column":22}},"239":{"start":{"line":805,"column":8},"end":{"line":805,"column":26}},"240":{"start":{"line":806,"column":8},"end":{"line":806,"column":17}},"241":{"start":{"line":809,"column":8},"end":{"line":809,"column":61}},"242":{"start":{"line":812,"column":8},"end":{"line":812,"column":41}},"243":{"start":{"line":813,"column":8},"end":{"line":813,"column":74}},"244":{"start":{"line":814,"column":8},"end":{"line":814,"column":20}},"245":{"start":{"line":818,"column":4},"end":{"line":818,"column":18}},"246":{"start":{"line":822,"column":2},"end":{"line":822,"column":20}},"247":{"start":{"line":823,"column":2},"end":{"line":823,"column":51}},"248":{"start":{"line":827,"column":2},"end":{"line":858,"column":3}},"249":{"start":{"line":828,"column":4},"end":{"line":849,"column":5}},"250":{"start":{"line":829,"column":6},"end":{"line":836,"column":7}},"251":{"start":{"line":830,"column":8},"end":{"line":834,"column":10}},"252":{"start":{"line":835,"column":8},"end":{"line":835,"column":37}},"253":{"start":{"line":837,"column":6},"end":{"line":839,"column":7}},"254":{"start":{"line":838,"column":8},"end":{"line":838,"column":62}},"255":{"start":{"line":840,"column":6},"end":{"line":845,"column":7}},"256":{"start":{"line":842,"column":8},"end":{"line":842,"column":45}},"257":{"start":{"line":843,"column":13},"end":{"line":845,"column":7}},"258":{"start":{"line":844,"column":8},"end":{"line":844,"column":46}},"259":{"start":{"line":846,"column":6},"end":{"line":848,"column":7}},"260":{"start":{"line":847,"column":8},"end":{"line":847,"column":32}},"261":{"start":{"line":850,"column":4},"end":{"line":850,"column":30}},"262
[...]
      type,","          !!init.bubbles,","          !!init.cancelable","        );","        return out;","      }","      Event.prototype = $Event.prototype;","      return Event;","    }(window.Event || function Event() {}));","    defineProperty(window, 'Event', {value: o_O});","    // Android 4 gotcha","    if (Event !== o_O) Event = o_O;","  }","","  // window.KeyboardEvent as constructor","  try { new KeyboardEvent('_', {}); } catch (o_O) {","    /* jshint -W022 */","    o_O = (function ($KeyboardEvent) {","      // code inspired by https://gist.github.com/termi/4654819","      var","        initType = 0,","        defaults = {","          char: '',","          key: '',","          location: 0,","          ctrlKey: false,","          shiftKey: false,","          altKey: false,","          metaKey: false,","          altGraphKey: false,","          repeat: false,","          locale: navigator.language,","          detail: 0,","          bubbles: false,","          cancelable: false,","          keyCode: 0,","          charCode: 0,","          which: 0","        },","        eventType","      ;","      try {","        var e = document.createEvent('KeyboardEvent');","        e.initKeyboardEvent(","          'keyup', false, false, window, '+', 3,","          true, false, true, false, false","        );","        initType = (","          (e.keyIdentifier || e.key) == '+' &&","          (e.keyLocation || e.location) == 3","        ) && (","          e.ctrlKey ? e.altKey ? 1 : 3 : e.shiftKey ? 2 : 4","        ) || 9;","      } catch(o_O) {}","      eventType = 0 < initType ? 'KeyboardEvent' : 'Event';","","      function getModifier(init) {","        for (var","          out = [],","          keys = [","            'ctrlKey',","            'Control',","            'shiftKey',","            'Shift',","            'altKey',","            'Alt',","            'metaKey',","            'Meta',","            'altGraphKey',","            'AltGraph'","          ],","          i = 0; i < keys.length; i += 2","        ) {","          if (init[keys[i]])","            out.push(keys[i + 1]);","        }","        return out.join(' ');","      }","","      function withDefaults(target, source) {","        for (var key in source) {","          if (","            source.hasOwnProperty(key) &&","            !source.hasOwnProperty.call(target, key)","          ) target[key] = source[key];","        }","        return target;","      }","","      function withInitValues(key, out, init) {","        try {","          out[key] = init[key];","        } catch(o_O) {}","      }","","      function KeyboardEvent(type, init) {","        enoughArguments(arguments.length, 'KeyboardEvent');","        init = withDefaults(init || {}, defaults);","        var","          out = document.createEvent(eventType),","          ctrlKey = init.ctrlKey,","          shiftKey = init.shiftKey,","          altKey = init.altKey,","          metaKey = init.metaKey,","          altGraphKey = init.altGraphKey,","          modifiers = initType > 3 ? getModifier(init) : null,","          key = String(init.key),","          chr = String(init.char),","          location = init.location,","          keyCode = init.keyCode || (","            (init.keyCode = key) &&","            key.charCodeAt(0)","          ) || 0,","          charCode = init.charCode || (","            (init.charCode = chr) &&","            chr.charCodeAt(0)","          ) || 0,","          bubbles = init.bubbles,","          cancelable = init.cancelable,","          repeat = init.repeat,","          locale = init.locale,","          view = init.view || window,","          args","        ;","        if (!init.which) init.which = init.keyCode;","        if ('initKeyEvent' in out) {","          out.initKeyEvent(","            type, bubbles, cancelable, view,","            ctrlKey, altKey, shiftKey, metaKey, keyCode, charCode","          );","        } else if (0 < initType && 'initKeyboardEvent' in out) {","          args = [type, bubbles, cancelable, view];","          switch (initType) {","            case 1:","              args.push(key, location, ctrlKey, shiftKey, altKey, metaKey, altGraphKey);","              break;","            case 2:","              args.push(ctrlKey, altKey, shiftKey, metaKey, keyCode, charCode);","              break;","            case 3:","              args.push(key, location, ctrlKey, altKey, shiftKey, metaKey, altGraphKey);","              break;","            case 4:","              args.push(key, location, modifiers, repeat, locale);","              break;","            default:","              args.push(char, key, location, modifiers, repeat, locale);","          }","          out.initKeyboardEvent.apply(out, args);","        } else {","          out.initEvent(type, bubbles, cancelable);","        }","        for (key in out) {","          if (defaults.hasOwnProperty(key) && out[key] !== init[key]) {","            withInitValues(key, out, init);","          }","        }","        return out;","      }","      KeyboardEvent.prototype = $KeyboardEvent.prototype;","      return KeyboardEvent;","    }(window.KeyboardEvent || function KeyboardEvent() {}));","    defineProperty(window, 'KeyboardEvent', {value: o_O});","    // Android 4 gotcha","    if (KeyboardEvent !== o_O) KeyboardEvent = o_O;","  }","","  // window.MouseEvent as constructor","  try { new MouseEvent('_', {}); } catch (o_O) {","    /* jshint -W022 */","    o_O = (function ($MouseEvent) {","      function MouseEvent(type, init) {","        enoughArguments(arguments.length, 'MouseEvent');","        var out = document.createEvent('MouseEvent');","        if (!init) init = {};","        out.initMouseEvent(","          type,","          !!init.bubbles,","          !!init.cancelable,","          init.view || window,","          init.detail || 1,","          init.screenX || 0,","          init.screenY || 0,","          init.clientX || 0,","          init.clientY || 0,","          !!init.ctrlKey,","          !!init.altKey,","          !!init.shiftKey,","          !!init.metaKey,","          init.button || 0,","          init.relatedTarget || null","        );","        return out;","      }","      MouseEvent.prototype = $MouseEvent.prototype;","      return MouseEvent;","    }(window.MouseEvent || function MouseEvent() {}));","    defineProperty(window, 'MouseEvent', {value: o_O});","    // Android 4 gotcha","    if (MouseEvent !== o_O) MouseEvent = o_O;","  }","","}(window));(function (global){'use strict';","","  // a WeakMap fallback for DOM nodes only used as key","  var DOMMap = global.WeakMap || (function () {","","    var","      counter = 0,","      dispatched = false,","      drop = false,","      value","    ;","","    function dispatch(key, ce, shouldDrop) {","      drop = shouldDrop;","      dispatched = false;","      value = undefined;","      key.dispatchEvent(ce);","    }","","    function Handler(value) {","      this.value = value;","    }","","    Handler.prototype.handleEvent = function handleEvent(e) {","      dispatched = true;","      if (drop) {","        e.currentTarget.removeEventListener(e.type, this, false);","      } else {","        value = this.value;","      }","    };","","    function DOMMap() {","      counter++;  // make id clashing highly improbable","      this.__ce__ = new Event(('@DOMMap:' + counter) + Math.random());","    }","","    DOMMap.prototype = {","      'constructor': DOMMap,","      'delete': function del(key) {","        return dispatch(key, this.__ce__, true), dispatched;","      },","      'get': function get(key) {","        dispatch(key, this.__ce__, false);","        var v = value;","        value = undefined;","        return v;","      },","      'has': function has(key) {","        return dispatch(key, this.__ce__, false), dispatched;","      },","      'set': function set(key, value) {","        dispatch(key, this.__ce__, true);","        key.addEventListener(this.__ce__.type, new Handler(value), false);","        return this;","      },","    };","","    return DOMMap;","","  }());","","  function Dict() {}","  Dict.prototype = (Object.create || Object)(null);","","  // https://dom.spec.whatwg.org/#interface-eventtarget","","  function createEventListener(type, callback, options) {","    function eventListener(e) {","      if (eventListener.once) {","        e.currentTarget.removeEventListener(","          e.type,","          callback,","          eventListener","        );","        eventListener.removed = true;","      }","      if (eventListener.passive) {","        e.preventDefault = createEventListener.preventDefault;","      }","      if (typeof eventListener.callback === 'function') {","        /* jshint validthis: true */","        eventListener.callback.call(this, e);","      } else if (eventListener.callback) {","        eventListener.callback.handleEvent(e);","      }","      if (eventListener.passive) {","        delete e.preventDefault;","      }","    }","    eventListener.type = type;","    eventListener.callback = callback;","    eventListener.capture = !!options.capture;","    eventListener.passive = !!options.passive;","    eventListener.once = !!options.once;","    // currently pointless but specs say to use it, so ...","    eventListener.removed = false;","    return eventListener;","  }","","  createEventListener.preventDefault = function preventDefault() {};","","  var","    Event = global.CustomEvent,","    hOP = Object.prototype.hasOwnProperty,","    dE = global.dispatchEvent,","    aEL = global.addEventListener,","    rEL = global.removeEventListener,","    counter = 0,","    increment = function () { counter++; },","    indexOf = [].indexOf || function indexOf(value){","      var length = this.length;","      while(length--) {","        if (this[length] === value) {","          break;","        }","      }","      return length;","    },","    getListenerKey = function (options) {","      return ''.concat(","        options.capture ? '1' : '0',","        options.passive ? '1' : '0',","        options.once ? '1' : '0'","      );","    },","    augment, proto","  ;","","  try {","    aEL('_', increment, {once: true});","    dE(new Event('_'));","    dE(new Event('_'));","    rEL('_', increment, {once: true});","  } catch(o_O) {}","","  if (counter !== 1) {","    (function () {","      var dm = new DOMMap();","      function createAEL(aEL) {","        return function addEventListener(type, handler, options) {","          if (options && typeof options !== 'boolean') {","            var","              info = dm.get(this),","              key = getListenerKey(options),","              i, tmp, wrap","            ;","            if (!info) dm.set(this, (info = new Dict()));","            if (!(type in info)) info[type] = {","              handler: [],","              wrap: []","            };","            tmp = info[type];","            i = indexOf.call(tmp.handler, handler);","            if (i < 0) {","              i = tmp.handler.push(handler) - 1;","              tmp.wrap[i] = (wrap = new Dict());","            } else {","              wrap = tmp.wrap[i];","            }","            if (!(key in wrap)) {","              wrap[key] = createEventListener(type, handler, options);","              aEL.call(this, type, wrap[key], wrap[key].capture);","            }","          } else {","            aEL.call(this, type, handler, options);","          }","        };","      }","      function createREL(rEL) {","        return function removeEventListener(type, handler, options) {","          if (options && typeof options !== 'boolean') {","            var","              info = dm.get(this),","              key, i, tmp, wrap","            ;","            if (info && (type in info)) {","              tmp = info[type];","              i = indexOf.call(tmp.handler, handler);","              if (-1 < i) {","                key = getListenerKey(options);","                wrap = tmp.wrap[i];","                if (key in wrap) {","                  rEL.call(this, type, wrap[key], wrap[key].capture);","                  delete wrap[key];","                  // return if there are other wraps","                  for (key in wrap) return;","                  // otherwise remove all the things","                  tmp.handler.splice(i, 1);","                  tmp.wrap.splice(i, 1);","                  // if there are no other handlers","                  if (tmp.handler.length === 0)","                    // drop the info[type] entirely","                    delete info[type];","                }","              }","            }","          } else {","            rEL.call(this, type, handler, options);","          }","        };","      }","","      augment = function (Constructor) {","        if (!Constructor) return;","        var proto = Constructor.prototype;","        proto.addEventListener = createAEL(proto.addEventListener);","        proto.removeEventListener = createREL(proto.removeEventListener);","      };","","      if (global.EventTarget) {","        augment(EventTarget);","      } else {","        augment(global.Text);","        augment(global.Element || global.HTMLElement);","        augment(global.HTMLDocument);","        augment(global.Window || {prototype:global});","        augment(global.XMLHttpRequest);","      }","","    }());","  }","","}(self));"],"l":{"23":2,"27":1,"28":0,"31":1,"32":0,"35":1,"36":0,"43":1,"44":0,"45":0,"47":0,"52":0,"54":0,"57":1,"58":0,"61":0,"279":0,"280":0,"281":0,"283":0,"285":0,"286":0,"292":0,"293":0,"294":0,"296":0,"297":0,"301":0,"302":0,"303":0,"304":0,"307":0,"308":0,"315":0,"318":0,"319":0,"321":0,"322":0,"327":0,"328":0,"333":0,"334":0,"335":0,"336":0,"347":0,"350":0,"351":0,"352":0,"353":0,"356":0,"357":0,"359":0,"363":0,"364":0,"365":0,"368":0,"369":0,"370":0,"373":0,"376":0,"377":0,"378":0,"379":0,"382":0,"383":0,"385":0,"390":0,"394":0,"395":0,"402":0,"403":0,"407":0,"408":0,"409":0,"411":0,"412":0,"414":0,"416":0,"417":0,"418":0,"419":0,"420":0,"424":0,"425":0,"427":0,"431":0,"432":0,"434":0,"435":0,"440":0,"441":0,"443":0,"451":0,"452":0,"460":0,"461":0,"464":0,"466":0,"467":0,"468":0,"469":0,"470":0,"471":0,"473":0,"474":0,"477":0,"478":0,"481":0,"482":0,"484":0,"485":0,"489":0,"490":0,"494":0,"495":0,"501":1,"503":0,"504":0,"505":0,"507":0,"508":0,"510":0,"511":0,"513":0,"519":0,"523":1,"527":0,"528":0,"532":0,"550":0,"552":0,"553":1,"554":0,"555":0,"556":0,"557":0,"562":0,"564":0,"565":0,"567":0,"569":0,"573":0,"575":0,"577":0,"599":0,"600":0,"601":0,"605":0,"612":0,"614":1,"615":0,"631":0,"632":0,"634":0,"637":1,"638":0,"639":0,"642":0,"644":0,"647":1,"648":0,"649":0,"653":1,"654":0,"655":0,"656":0,"682":0,"683":0,"684":0,"688":0,"689":0,"690":0,"692":0,"693":0,"695":0,"696":0,"698":0,"699":0,"701":0,"702":0,"704":0,"706":0,"708":0,"710":0,"711":0,"712":0,"715":0,"717":0,"718":0,"720":0,"722":0,"726":0,"728":0,"729":1,"730":0,"731":0,"732":0,"733":0,"750":0,"752":0,"753":0,"755":0,"757":0,"760":0,"763":0,"765":0,"772":1,"773":0,"774":0,"775":0,"776":0,"779":1,"780":0,"783":0,"784":0,"785":0,"786":0,"788":0,"792":1,"793":0,"794":0,"797":0,"800":0,"803":0,"804":0,"805":0,"806":0,"809":0,"812":0,"813":0,"814":0,"818":0,"822":1,"823":0,"827":1,"828":1,"829":0,"830":0,"835":0,"837":0,"838":0,"840":0,"842":0,"843":0,"844":0,"846":0,"847":0,"850":0,"851":0,"852":0,"853":0,"854":0,"856":0,"857":0,"860":0,"862":0,"869":0,"871":0,"872":0,"873":0,"874":0,"877":0,"880":0,"889":0,"890":0,"891":0,"892":0,"893":0,"896":0,"897":0,"898":0,"899":1,"900":0,"901":0,"902":0,"907":0,"908":0,"912":0,"913":0,"914":0,"915":0,"916":0,"918":0,"920":0,"921":0,"922":0,"925":0,"929":1,"930":0,"931":0,"932":0,"936":0,"937":0,"938":0,"939":0,"940":0,"941":0,"942":0,"943":0,"944":0,"946":0,"948":0,"949":0,"951":0,"953":0,"958":0,"963":0,"964":0,"965":0,"966":0,"967":0,"970":0,"971":0,"973":0,"974":0,"975":0,"976":0,"977":0}},"/home/travis/build/npmtest/node-npmtest-dom4/node_modules/dom4/testrunner.js":{"path":"/home/travis/build/npmtest/node-npmtest-dom4/node_modules/dom4/testrunner.js","s":{"1":2,"2":2,"3":0,"4":0,"5":0,"6":0,"7":0,"8":0,"9":0,"10":0,"11":0,"12":0,"13":0,"14":0,"15":0,"16":0,"17":0,"18":0,"19":0,"20":0,"21":0},"b":{"1":[0,0],"2":[0,0]},"f":{"1":0,"2":0,"3":0},"fnMap":{"1":{"name":"(anonymous_1)","line":4,"loc":{"start":{"line":4,"column":15},"end":{"line":4,"column":33}}},"2":{"name":"(anonymous_2)","line":6,"loc":{"start":{"line":6,"column":15},"end":{"line":6,"column":27}}},"3":{"name":"(anonymous_3)","line":7,"loc":{"start":{"line":7,"column":34},"end":{"line":7,"column":45}}}},"statementMap":{"1":{"start":{"line":1,"column":0},"end":{"line":1,"column":23}},"2":{"start":{"line":2,"column":0},"end":{"line":2,"column":39}},"3":{"start":{"line":3,"column":0},"end":{"line":3,"column":31}},"4":{"start":{"line":4,"column":0},"end":{"line":39,"column":3}},"5":{"start":{"line":5,"column":2},"end":{"line":38,"column":3}},"6":{"start":{"line":6,"column":4},"end":{"line":35,"column":13}},"7":{"start":{"line":7,"column":6},"end":{"line":22,"column":9}},"8":{"start":{"line":9,"column":8},"end":{"line":9,"column":80}},"9":{"start":{"line":10,"column":8},"end":{"line":21,"column":10}},"10":{"start":{"line":23,"column":6},"end":{"line":23,"column":31}},"11":{"start":{"line":24,"column":6},"end":{"line":24,"column":41}},"12":{"start":{"line":25,"column":6},"end":{"line":25,"column":47}},"13":{"start":{"line":26,"column":6},"end":{"line":26,"column":41}},"14":{"start":{"line":27,"column":6},"end":{"line":27,"column":48}},"15":{"start":{"line":28,"column":6},"end":{"line":28,"column":48}},"16":{"start":{"line":29,"column":6},"end":{"line":29,"column":49}},"17":{"start":{"line":30,"column":6},"end":{"line":30,"column":41}},"18":{"start":{"line":31,"column":6},"end":{"line":33,"column":7}},"19":{"start":{"line":32,"column":8},"end":{"line":32,"column":26}},"20":{"start":{"line":34,"column":6},"end":{"line":34,"column":22}},"21":{"start":{"line":37,"column":4},"end":{"line":37,"column":20}}},"branchMap":{"1":{"line":5,"type":"if","locations":[{"start":{"line":5,"column":2},"end":{"line":5,"column":2}},{"start":{"line":5,"column":2},"end":{"line":5,"column":2}}]},"2":{"line":31,"type":"if","locations":[{"start":{"line":31,"column":6},"end":{"line":31,"column":6}},{"start":{"line":31,"column":6},"end":{"line":31,"column":6}}]}},"code":["var url = 'index.html';","var page = require('webpage').create();","console.log('Loading: ' + url);","page.open(url, function (status) {","  if (status === 'success') {","    setTimeout(function () {","      var results = page.evaluate(function() {","        // remove the first node with the total from the following counts","        var passed = Math.max(0, document.querySelectorAll('.pass').length - 1);","        return {","          // retrieve the total executed tests number","          total: ''.concat(","            passed,","            ' blocks (',","            document.querySelector('#wru strong').textContent.replace(/\\D/g, ''),","            ' single tests)'","          ),","          passed: passed,","          failed: Math.max(0, document.querySelectorAll('.fail').length - 1),","          errored: Math.max(0, document.querySelectorAll('.error').length - 1)","        };","      });","      console.log(results.asd);","      console.log('- - - - - - - - - -');","      console.log('total:   ' + results.total);","      console.log('- - - - - - - - - -');","      console.log('passed:  ' + results.passed);","      console.log('failed:  ' + results.failed);","      console.log('errored: ' + results.errored);","      console.log('- - - - - - - - - -');","      if (0 < results.failed + results.errored) {","        status = 'failed';","      }","      phantom.exit(0);","    }, 2000);","  } else {","    phantom.exit(1);","  }","});"],"l":{"1":2,"2":2,"3":0,"4":0,"5":0,"6":0,"7":0,"9":0,"10":0,"23":0,"24":0,"25":0,"26":0,"27":0,"28":0,"29":0,"30":0,"31":0,"32":0,"34":0,"37":0}}}